<?xml version="1.0" encoding="utf-8"?>
<CoverageSession xmlns:xsd="http://www.w3.org/2001/XMLSchema" xmlns:xsi="http://www.w3.org/2001/XMLSchema-instance" Version="4.6.0.0">
  <Summary numSequencePoints="1189" visitedSequencePoints="38" numBranchPoints="340" visitedBranchPoints="7" sequenceCoverage="3.20" branchCoverage="2.06" maxCyclomaticComplexity="23" minCyclomaticComplexity="1" maxCrapScore="552" minCrapScore="2" visitedClasses="3" numClasses="61" visitedMethods="6" numMethods="187" />
  <Modules>
    <Module hash="35-4A-AB-13-C1-72-70-CE-52-7A-10-49-A2-5D-4C-36-E5-9F-96-5A">
      <Summary numSequencePoints="205" visitedSequencePoints="30" numBranchPoints="36" visitedBranchPoints="5" sequenceCoverage="14.63" branchCoverage="13.89" maxCyclomaticComplexity="3" minCyclomaticComplexity="0" maxCrapScore="12" minCrapScore="0" visitedClasses="2" numClasses="10" visitedMethods="4" numMethods="32" />
      <ModulePath>C:\GitHub\MVCATM\MVCATM.Tests\bin\Debug\MVCATM.Tests.dll</ModulePath>
      <ModuleTime>2019-01-03T14:32:05.6869725Z</ModuleTime>
      <ModuleName>MVCATM.Tests</ModuleName>
      <Files>
        <File uid="1" fullPath="C:\GitHub\MVCATM\MVCATM.Tests\Controllers\CheckingAccountControllerTest.cs" />
        <File uid="3" fullPath="C:\GitHub\MVCATM\MVCATM.Tests\Controllers\TransactionControllerTest.cs" />
        <File uid="10" fullPath="C:\GitHub\MVCATM\MVCATM.Tests\Controllers\HomeControllerTest.cs" />
      </Files>
      <Classes>
        <Class>
          <Summary numSequencePoints="32" visitedSequencePoints="29" numBranchPoints="5" visitedBranchPoints="4" sequenceCoverage="90.62" branchCoverage="80" maxCyclomaticComplexity="3" minCyclomaticComplexity="1" maxCrapScore="3.04" minCrapScore="1" visitedClasses="1" numClasses="1" visitedMethods="3" numMethods="3" />
          <FullName>MVCATM.Tests.Controllers.CheckingAccountControllerTest</FullName>
          <Methods>
            <Method visited="true" cyclomaticComplexity="1" nPathComplexity="0" sequenceCoverage="100" branchCoverage="100" crapScore="1" isConstructor="true" isStatic="false" isGetter="false" isSetter="false">
              <Summary numSequencePoints="12" visitedSequencePoints="12" numBranchPoints="1" visitedBranchPoints="1" sequenceCoverage="100" branchCoverage="100" maxCyclomaticComplexity="1" minCyclomaticComplexity="1" maxCrapScore="1" minCrapScore="1" visitedClasses="0" numClasses="0" visitedMethods="1" numMethods="1" />
              <MetadataToken>100663297</MetadataToken>
              <Name>System.Void MVCATM.Tests.Controllers.CheckingAccountControllerTest::.ctor()</Name>
              <FileRef uid="1" />
              <SequencePoints>
                <SequencePoint vc="1" uspid="1" ordinal="0" offset="0" sl="25" sc="9" el="25" ec="47" bec="0" bev="0" fileid="1" />
                <SequencePoint vc="1" uspid="2" ordinal="1" offset="7" sl="26" sc="9" el="26" ec="10" bec="0" bev="0" fileid="1" />
                <SequencePoint vc="1" uspid="3" ordinal="2" offset="8" sl="27" sc="13" el="27" ec="54" bec="0" bev="0" fileid="1" />
                <SequencePoint vc="1" uspid="4" ordinal="3" offset="19" sl="29" sc="13" el="39" ec="15" bec="0" bev="0" fileid="1" />
                <SequencePoint vc="1" uspid="5" ordinal="4" offset="133" sl="40" sc="12" el="43" ec="15" bec="0" bev="0" fileid="1" />
                <SequencePoint vc="1" uspid="6" ordinal="5" offset="157" sl="44" sc="13" el="49" ec="15" bec="0" bev="0" fileid="1" />
                <SequencePoint vc="1" uspid="7" ordinal="6" offset="204" sl="50" sc="13" el="58" ec="15" bec="0" bev="0" fileid="1" />
                <SequencePoint vc="1" uspid="8" ordinal="7" offset="281" sl="59" sc="12" el="63" ec="15" bec="0" bev="0" fileid="1" />
                <SequencePoint vc="1" uspid="9" ordinal="8" offset="379" sl="64" sc="13" el="67" ec="14" bec="0" bev="0" fileid="1" />
                <SequencePoint vc="1" uspid="10" ordinal="9" offset="403" sl="68" sc="13" el="70" ec="63" bec="0" bev="0" fileid="1" />
                <SequencePoint vc="1" uspid="11" ordinal="10" offset="518" sl="74" sc="13" el="77" ec="97" bec="0" bev="0" fileid="1" />
                <SequencePoint vc="1" uspid="12" ordinal="11" offset="639" sl="81" sc="9" el="81" ec="10" bec="0" bev="0" fileid="1" />
              </SequencePoints>
              <BranchPoints />
              <MethodPoint xsi:type="SequencePoint" vc="1" uspid="1" ordinal="0" offset="0" sl="25" sc="9" el="25" ec="47" bec="0" bev="0" fileid="1" />
            </Method>
            <Method visited="true" cyclomaticComplexity="3" nPathComplexity="2" sequenceCoverage="84.21" branchCoverage="66.67" crapScore="3.04" isConstructor="false" isStatic="false" isGetter="false" isSetter="false">
              <Summary numSequencePoints="19" visitedSequencePoints="16" numBranchPoints="3" visitedBranchPoints="2" sequenceCoverage="84.21" branchCoverage="66.67" maxCyclomaticComplexity="3" minCyclomaticComplexity="3" maxCrapScore="3.04" minCrapScore="3.04" visitedClasses="0" numClasses="0" visitedMethods="1" numMethods="1" />
              <MetadataToken>100663298</MetadataToken>
              <Name>System.Void MVCATM.Tests.Controllers.CheckingAccountControllerTest::Check_Statement_Valid()</Name>
              <FileRef uid="1" />
              <SequencePoints>
                <SequencePoint vc="1" uspid="13" ordinal="0" offset="0" sl="85" sc="9" el="85" ec="10" bec="0" bev="0" fileid="1">
                  <TrackedMethodRefs>
                    <TrackedMethodRef uid="1" vc="1" />
                  </TrackedMethodRefs>
                </SequencePoint>
                <SequencePoint vc="1" uspid="14" ordinal="1" offset="1" sl="87" sc="13" el="87" ec="83" bec="0" bev="0" fileid="1">
                  <TrackedMethodRefs>
                    <TrackedMethodRef uid="1" vc="1" />
                  </TrackedMethodRefs>
                </SequencePoint>
                <SequencePoint vc="1" uspid="15" ordinal="2" offset="18" sl="91" sc="13" el="91" ec="85" bec="0" bev="0" fileid="1">
                  <TrackedMethodRefs>
                    <TrackedMethodRef uid="1" vc="1" />
                  </TrackedMethodRefs>
                </SequencePoint>
                <SequencePoint vc="1" uspid="16" ordinal="3" offset="41" sl="92" sc="13" el="92" ec="92" bec="0" bev="0" fileid="1">
                  <TrackedMethodRefs>
                    <TrackedMethodRef uid="1" vc="1" />
                  </TrackedMethodRefs>
                </SequencePoint>
                <SequencePoint vc="1" uspid="17" ordinal="4" offset="53" sl="94" sc="13" el="94" ec="33" bec="0" bev="0" fileid="1">
                  <TrackedMethodRefs>
                    <TrackedMethodRef uid="1" vc="1" />
                  </TrackedMethodRefs>
                </SequencePoint>
                <SequencePoint vc="1" uspid="18" ordinal="5" offset="55" sl="95" sc="13" el="95" ec="42" bec="0" bev="0" fileid="1">
                  <TrackedMethodRefs>
                    <TrackedMethodRef uid="1" vc="1" />
                  </TrackedMethodRefs>
                </SequencePoint>
                <SequencePoint vc="1" uspid="19" ordinal="6" offset="62" sl="97" sc="13" el="97" ec="50" bec="0" bev="0" fileid="1">
                  <TrackedMethodRefs>
                    <TrackedMethodRef uid="1" vc="1" />
                  </TrackedMethodRefs>
                </SequencePoint>
                <SequencePoint vc="1" uspid="20" ordinal="7" offset="75" sl="98" sc="13" el="98" ec="20" bec="0" bev="0" fileid="1">
                  <TrackedMethodRefs>
                    <TrackedMethodRef uid="1" vc="1" />
                  </TrackedMethodRefs>
                </SequencePoint>
                <SequencePoint vc="1" uspid="21" ordinal="8" offset="76" sl="98" sc="42" el="98" ec="52" bec="0" bev="0" fileid="1">
                  <TrackedMethodRefs>
                    <TrackedMethodRef uid="1" vc="1" />
                  </TrackedMethodRefs>
                </SequencePoint>
                <SequencePoint vc="1" uspid="22" ordinal="9" offset="86" sl="98" sc="21" el="98" ec="38" bec="0" bev="0" fileid="1">
                  <TrackedMethodRefs>
                    <TrackedMethodRef uid="1" vc="1" />
                  </TrackedMethodRefs>
                </SequencePoint>
                <SequencePoint vc="1" uspid="23" ordinal="10" offset="95" sl="99" sc="13" el="99" ec="14" bec="0" bev="0" fileid="1">
                  <TrackedMethodRefs>
                    <TrackedMethodRef uid="1" vc="1" />
                  </TrackedMethodRefs>
                </SequencePoint>
                <SequencePoint vc="1" uspid="24" ordinal="11" offset="96" sl="100" sc="17" el="100" ec="69" bec="2" bev="1" fileid="1">
                  <TrackedMethodRefs>
                    <TrackedMethodRef uid="1" vc="1" />
                  </TrackedMethodRefs>
                </SequencePoint>
                <SequencePoint vc="0" uspid="25" ordinal="12" offset="125" sl="101" sc="17" el="101" ec="18" bec="0" bev="0" fileid="1" />
                <SequencePoint vc="0" uspid="26" ordinal="13" offset="126" sl="102" sc="21" el="102" ec="37" bec="0" bev="0" fileid="1" />
                <SequencePoint vc="0" uspid="27" ordinal="14" offset="128" sl="103" sc="17" el="103" ec="18" bec="0" bev="0" fileid="1" />
                <SequencePoint vc="1" uspid="28" ordinal="15" offset="129" sl="104" sc="13" el="104" ec="14" bec="0" bev="0" fileid="1">
                  <TrackedMethodRefs>
                    <TrackedMethodRef uid="1" vc="1" />
                  </TrackedMethodRefs>
                </SequencePoint>
                <SequencePoint vc="2" uspid="29" ordinal="16" offset="130" sl="98" sc="39" el="98" ec="41" bec="0" bev="0" fileid="1">
                  <TrackedMethodRefs>
                    <TrackedMethodRef uid="1" vc="2" />
                  </TrackedMethodRefs>
                </SequencePoint>
                <SequencePoint vc="1" uspid="30" ordinal="17" offset="156" sl="105" sc="13" el="105" ec="44" bec="0" bev="0" fileid="1">
                  <TrackedMethodRefs>
                    <TrackedMethodRef uid="1" vc="1" />
                  </TrackedMethodRefs>
                </SequencePoint>
                <SequencePoint vc="1" uspid="31" ordinal="18" offset="164" sl="107" sc="9" el="107" ec="10" bec="0" bev="0" fileid="1">
                  <TrackedMethodRefs>
                    <TrackedMethodRef uid="1" vc="1" />
                  </TrackedMethodRefs>
                </SequencePoint>
              </SequencePoints>
              <BranchPoints>
                <BranchPoint vc="0" uspid="32" ordinal="0" offset="123" sl="100" path="0" offsetend="125" fileid="1" />
                <BranchPoint vc="1" uspid="33" ordinal="1" offset="123" sl="100" path="1" offsetend="129" fileid="1">
                  <TrackedMethodRefs>
                    <TrackedMethodRef uid="1" vc="1" />
                  </TrackedMethodRefs>
                </BranchPoint>
              </BranchPoints>
              <MethodPoint xsi:type="SequencePoint" vc="1" uspid="13" ordinal="0" offset="0" sl="85" sc="9" el="85" ec="10" bec="0" bev="0" fileid="1">
                <TrackedMethodRefs>
                  <TrackedMethodRef uid="1" vc="1" />
                </TrackedMethodRefs>
              </MethodPoint>
            </Method>
            <Method visited="true" cyclomaticComplexity="1" nPathComplexity="0" sequenceCoverage="100" branchCoverage="100" crapScore="1" isConstructor="false" isStatic="false" isGetter="false" isSetter="false">
              <Summary numSequencePoints="1" visitedSequencePoints="1" numBranchPoints="1" visitedBranchPoints="1" sequenceCoverage="100" branchCoverage="100" maxCyclomaticComplexity="1" minCyclomaticComplexity="1" maxCrapScore="1" minCrapScore="1" visitedClasses="0" numClasses="0" visitedMethods="1" numMethods="1" />
              <MetadataToken>100663299</MetadataToken>
              <Name>System.Collections.Generic.List`1&lt;MVCATM.Models.Transaction&gt; MVCATM.Tests.Controllers.CheckingAccountControllerTest::&lt;.ctor&gt;b__7_2(System.Int32)</Name>
              <FileRef uid="1" />
              <SequencePoints>
                <SequencePoint vc="1" uspid="36" ordinal="0" offset="13" sl="77" sc="17" el="77" ec="95" bec="0" bev="0" fileid="1">
                  <TrackedMethodRefs>
                    <TrackedMethodRef uid="1" vc="1" />
                  </TrackedMethodRefs>
                </SequencePoint>
              </SequencePoints>
              <BranchPoints />
              <MethodPoint vc="1" uspid="37" ordinal="0" offset="0">
                <TrackedMethodRefs>
                  <TrackedMethodRef uid="1" vc="1" />
                </TrackedMethodRefs>
              </MethodPoint>
            </Method>
          </Methods>
        </Class>
        <Class>
          <Summary numSequencePoints="1" visitedSequencePoints="1" numBranchPoints="1" visitedBranchPoints="1" sequenceCoverage="100" branchCoverage="100" maxCyclomaticComplexity="1" minCyclomaticComplexity="1" maxCrapScore="2" minCrapScore="1" visitedClasses="1" numClasses="1" visitedMethods="1" numMethods="1" />
          <FullName>MVCATM.Tests.Controllers.CheckingAccountControllerTest/&lt;&gt;c__DisplayClass7_0</FullName>
          <Methods>
            <Method visited="false" cyclomaticComplexity="1" nPathComplexity="0" sequenceCoverage="0" branchCoverage="0" crapScore="2" isConstructor="true" isStatic="false" isGetter="false" isSetter="false">
              <Summary numSequencePoints="0" visitedSequencePoints="0" numBranchPoints="0" visitedBranchPoints="0" sequenceCoverage="0" branchCoverage="0" maxCyclomaticComplexity="1" minCyclomaticComplexity="1" maxCrapScore="2" minCrapScore="2" visitedClasses="0" numClasses="0" visitedMethods="0" numMethods="0" />
              <MetadataToken>100663320</MetadataToken>
              <Name>System.Void MVCATM.Tests.Controllers.CheckingAccountControllerTest/&lt;&gt;c__DisplayClass7_0::.ctor()</Name>
              <SequencePoints />
              <BranchPoints />
              <MethodPoint vc="0" uspid="38" ordinal="0" offset="0" />
            </Method>
            <Method visited="true" cyclomaticComplexity="1" nPathComplexity="0" sequenceCoverage="100" branchCoverage="100" crapScore="1" isConstructor="false" isStatic="false" isGetter="false" isSetter="false">
              <Summary numSequencePoints="1" visitedSequencePoints="1" numBranchPoints="1" visitedBranchPoints="1" sequenceCoverage="100" branchCoverage="100" maxCyclomaticComplexity="1" minCyclomaticComplexity="1" maxCrapScore="1" minCrapScore="1" visitedClasses="0" numClasses="0" visitedMethods="1" numMethods="1" />
              <MetadataToken>100663321</MetadataToken>
              <Name>System.Boolean MVCATM.Tests.Controllers.CheckingAccountControllerTest/&lt;&gt;c__DisplayClass7_0::&lt;.ctor&gt;b__3(MVCATM.Models.Transaction)</Name>
              <FileRef uid="1" />
              <SequencePoints>
                <SequencePoint vc="1" uspid="39" ordinal="0" offset="0" sl="77" sc="41" el="77" ec="72" bec="0" bev="0" fileid="1">
                  <TrackedMethodRefs>
                    <TrackedMethodRef uid="1" vc="1" />
                  </TrackedMethodRefs>
                </SequencePoint>
              </SequencePoints>
              <BranchPoints />
              <MethodPoint xsi:type="SequencePoint" vc="1" uspid="39" ordinal="0" offset="0" sl="77" sc="41" el="77" ec="72" bec="0" bev="0" fileid="1">
                <TrackedMethodRefs>
                  <TrackedMethodRef uid="1" vc="1" />
                </TrackedMethodRefs>
              </MethodPoint>
            </Method>
          </Methods>
        </Class>
        <Class>
          <Summary numSequencePoints="0" visitedSequencePoints="0" numBranchPoints="0" visitedBranchPoints="0" sequenceCoverage="0" branchCoverage="0" maxCyclomaticComplexity="1" minCyclomaticComplexity="1" maxCrapScore="2" minCrapScore="2" visitedClasses="0" numClasses="0" visitedMethods="0" numMethods="0" />
          <FullName>MVCATM.Tests.Controllers.CheckingAccountControllerTest/&lt;&gt;c</FullName>
          <Methods>
            <Method visited="false" cyclomaticComplexity="1" nPathComplexity="0" sequenceCoverage="0" branchCoverage="0" crapScore="2" isConstructor="true" isStatic="true" isGetter="false" isSetter="false">
              <Summary numSequencePoints="0" visitedSequencePoints="0" numBranchPoints="0" visitedBranchPoints="0" sequenceCoverage="0" branchCoverage="0" maxCyclomaticComplexity="1" minCyclomaticComplexity="1" maxCrapScore="2" minCrapScore="2" visitedClasses="0" numClasses="0" visitedMethods="0" numMethods="0" />
              <MetadataToken>100663322</MetadataToken>
              <Name>System.Void MVCATM.Tests.Controllers.CheckingAccountControllerTest/&lt;&gt;c::.cctor()</Name>
              <SequencePoints />
              <BranchPoints />
              <MethodPoint vc="0" uspid="40" ordinal="0" offset="0" />
            </Method>
            <Method visited="false" cyclomaticComplexity="1" nPathComplexity="0" sequenceCoverage="0" branchCoverage="0" crapScore="2" isConstructor="true" isStatic="false" isGetter="false" isSetter="false">
              <Summary numSequencePoints="0" visitedSequencePoints="0" numBranchPoints="0" visitedBranchPoints="0" sequenceCoverage="0" branchCoverage="0" maxCyclomaticComplexity="1" minCyclomaticComplexity="1" maxCrapScore="2" minCrapScore="2" visitedClasses="0" numClasses="0" visitedMethods="0" numMethods="0" />
              <MetadataToken>100663323</MetadataToken>
              <Name>System.Void MVCATM.Tests.Controllers.CheckingAccountControllerTest/&lt;&gt;c::.ctor()</Name>
              <SequencePoints />
              <BranchPoints />
              <MethodPoint vc="0" uspid="41" ordinal="0" offset="0" />
            </Method>
          </Methods>
        </Class>
        <Class>
          <Summary numSequencePoints="153" visitedSequencePoints="0" numBranchPoints="19" visitedBranchPoints="0" sequenceCoverage="0" branchCoverage="0" maxCyclomaticComplexity="2" minCyclomaticComplexity="1" maxCrapScore="6" minCrapScore="2" visitedClasses="0" numClasses="1" visitedMethods="0" numMethods="17" />
          <FullName>MVCATM.Tests.Controllers.TransactionControllerTest</FullName>
          <Methods>
            <Method visited="false" cyclomaticComplexity="1" nPathComplexity="0" sequenceCoverage="0" branchCoverage="0" crapScore="2" isConstructor="true" isStatic="false" isGetter="false" isSetter="false">
              <Summary numSequencePoints="22" visitedSequencePoints="0" numBranchPoints="1" visitedBranchPoints="0" sequenceCoverage="0" branchCoverage="0" maxCyclomaticComplexity="1" minCyclomaticComplexity="1" maxCrapScore="2" minCrapScore="2" visitedClasses="0" numClasses="0" visitedMethods="0" numMethods="1" />
              <MetadataToken>100663300</MetadataToken>
              <Name>System.Void MVCATM.Tests.Controllers.TransactionControllerTest::.ctor()</Name>
              <FileRef uid="3" />
              <SequencePoints>
                <SequencePoint vc="0" uspid="42" ordinal="0" offset="0" sl="32" sc="9" el="32" ec="43" bec="0" bev="0" fileid="3" />
                <SequencePoint vc="0" uspid="43" ordinal="1" offset="7" sl="33" sc="9" el="33" ec="10" bec="0" bev="0" fileid="3" />
                <SequencePoint vc="0" uspid="44" ordinal="2" offset="8" sl="34" sc="12" el="34" ec="58" bec="0" bev="0" fileid="3" />
                <SequencePoint vc="0" uspid="45" ordinal="3" offset="19" sl="36" sc="12" el="46" ec="14" bec="0" bev="0" fileid="3" />
                <SequencePoint vc="0" uspid="46" ordinal="4" offset="133" sl="47" sc="13" el="57" ec="15" bec="0" bev="0" fileid="3" />
                <SequencePoint vc="0" uspid="47" ordinal="5" offset="248" sl="60" sc="13" el="65" ec="15" bec="0" bev="0" fileid="3" />
                <SequencePoint vc="0" uspid="48" ordinal="6" offset="295" sl="66" sc="13" el="71" ec="15" bec="0" bev="0" fileid="3" />
                <SequencePoint vc="0" uspid="49" ordinal="7" offset="345" sl="73" sc="12" el="81" ec="15" bec="0" bev="0" fileid="3" />
                <SequencePoint vc="0" uspid="50" ordinal="8" offset="422" sl="82" sc="13" el="91" ec="15" bec="0" bev="0" fileid="3" />
                <SequencePoint vc="0" uspid="51" ordinal="9" offset="538" sl="92" sc="13" el="101" ec="15" bec="0" bev="0" fileid="3" />
                <SequencePoint vc="0" uspid="52" ordinal="10" offset="654" sl="102" sc="13" el="111" ec="15" bec="0" bev="0" fileid="3" />
                <SequencePoint vc="0" uspid="53" ordinal="11" offset="773" sl="112" sc="13" el="116" ec="13" bec="0" bev="0" fileid="3" />
                <SequencePoint vc="0" uspid="54" ordinal="12" offset="810" sl="117" sc="13" el="120" ec="14" bec="0" bev="0" fileid="3" />
                <SequencePoint vc="0" uspid="55" ordinal="13" offset="834" sl="121" sc="13" el="125" ec="13" bec="0" bev="0" fileid="3" />
                <SequencePoint vc="0" uspid="56" ordinal="14" offset="932" sl="128" sc="13" el="130" ec="63" bec="0" bev="0" fileid="3" />
                <SequencePoint vc="0" uspid="57" ordinal="15" offset="1047" sl="132" sc="13" el="141" ec="19" bec="0" bev="0" fileid="3" />
                <SequencePoint vc="0" uspid="58" ordinal="16" offset="1168" sl="143" sc="13" el="144" ec="67" bec="0" bev="0" fileid="3" />
                <SequencePoint vc="0" uspid="59" ordinal="17" offset="1253" sl="146" sc="13" el="156" ec="19" bec="0" bev="0" fileid="3" />
                <SequencePoint vc="0" uspid="60" ordinal="18" offset="1374" sl="158" sc="13" el="167" ec="18" bec="0" bev="0" fileid="3" />
                <SequencePoint vc="0" uspid="61" ordinal="19" offset="1495" sl="168" sc="13" el="175" ec="15" bec="0" bev="0" fileid="3" />
                <SequencePoint vc="0" uspid="62" ordinal="20" offset="1616" sl="177" sc="13" el="183" ec="20" bec="0" bev="0" fileid="3" />
                <SequencePoint vc="0" uspid="63" ordinal="21" offset="1737" sl="184" sc="9" el="184" ec="10" bec="0" bev="0" fileid="3" />
              </SequencePoints>
              <BranchPoints />
              <MethodPoint xsi:type="SequencePoint" vc="0" uspid="42" ordinal="0" offset="0" sl="32" sc="9" el="32" ec="43" bec="0" bev="0" fileid="3" />
            </Method>
            <Method visited="false" cyclomaticComplexity="1" nPathComplexity="0" sequenceCoverage="0" branchCoverage="0" crapScore="2" isConstructor="false" isStatic="false" isGetter="false" isSetter="false">
              <Summary numSequencePoints="6" visitedSequencePoints="0" numBranchPoints="1" visitedBranchPoints="0" sequenceCoverage="0" branchCoverage="0" maxCyclomaticComplexity="1" minCyclomaticComplexity="1" maxCrapScore="2" minCrapScore="2" visitedClasses="0" numClasses="0" visitedMethods="0" numMethods="1" />
              <MetadataToken>100663301</MetadataToken>
              <Name>System.Void MVCATM.Tests.Controllers.TransactionControllerTest::Deposit_Get_View_Deposit_With_Transaction()</Name>
              <FileRef uid="3" />
              <SequencePoints>
                <SequencePoint vc="0" uspid="64" ordinal="0" offset="0" sl="188" sc="9" el="188" ec="10" bec="0" bev="0" fileid="3" />
                <SequencePoint vc="0" uspid="65" ordinal="1" offset="1" sl="191" sc="13" el="191" ec="79" bec="0" bev="0" fileid="3" />
                <SequencePoint vc="0" uspid="66" ordinal="2" offset="18" sl="196" sc="13" el="196" ec="64" bec="0" bev="0" fileid="3" />
                <SequencePoint vc="0" uspid="67" ordinal="3" offset="32" sl="197" sc="13" el="197" ec="66" bec="0" bev="0" fileid="3" />
                <SequencePoint vc="0" uspid="68" ordinal="4" offset="49" sl="200" sc="13" el="200" ec="66" bec="0" bev="0" fileid="3" />
                <SequencePoint vc="0" uspid="69" ordinal="5" offset="68" sl="201" sc="9" el="201" ec="10" bec="0" bev="0" fileid="3" />
              </SequencePoints>
              <BranchPoints />
              <MethodPoint xsi:type="SequencePoint" vc="0" uspid="64" ordinal="0" offset="0" sl="188" sc="9" el="188" ec="10" bec="0" bev="0" fileid="3" />
            </Method>
            <Method visited="false" cyclomaticComplexity="1" nPathComplexity="0" sequenceCoverage="0" branchCoverage="0" crapScore="2" isConstructor="false" isStatic="false" isGetter="false" isSetter="false">
              <Summary numSequencePoints="6" visitedSequencePoints="0" numBranchPoints="1" visitedBranchPoints="0" sequenceCoverage="0" branchCoverage="0" maxCyclomaticComplexity="1" minCyclomaticComplexity="1" maxCrapScore="2" minCrapScore="2" visitedClasses="0" numClasses="0" visitedMethods="0" numMethods="1" />
              <MetadataToken>100663302</MetadataToken>
              <Name>System.Void MVCATM.Tests.Controllers.TransactionControllerTest::Create_Deposit_Valid_Redirect_TransactionStatus()</Name>
              <FileRef uid="3" />
              <SequencePoints>
                <SequencePoint vc="0" uspid="70" ordinal="0" offset="0" sl="205" sc="9" el="205" ec="10" bec="0" bev="0" fileid="3" />
                <SequencePoint vc="0" uspid="71" ordinal="1" offset="1" sl="207" sc="13" el="207" ec="79" bec="0" bev="0" fileid="3" />
                <SequencePoint vc="0" uspid="72" ordinal="2" offset="18" sl="210" sc="13" el="210" ec="108" bec="0" bev="0" fileid="3" />
                <SequencePoint vc="0" uspid="73" ordinal="3" offset="36" sl="212" sc="13" el="212" ec="70" bec="0" bev="0" fileid="3" />
                <SequencePoint vc="0" uspid="74" ordinal="4" offset="63" sl="213" sc="13" el="213" ec="84" bec="0" bev="0" fileid="3" />
                <SequencePoint vc="0" uspid="75" ordinal="5" offset="90" sl="215" sc="9" el="215" ec="10" bec="0" bev="0" fileid="3" />
              </SequencePoints>
              <BranchPoints />
              <MethodPoint xsi:type="SequencePoint" vc="0" uspid="70" ordinal="0" offset="0" sl="205" sc="9" el="205" ec="10" bec="0" bev="0" fileid="3" />
            </Method>
            <Method visited="false" cyclomaticComplexity="1" nPathComplexity="0" sequenceCoverage="0" branchCoverage="0" crapScore="2" isConstructor="false" isStatic="false" isGetter="false" isSetter="false">
              <Summary numSequencePoints="16" visitedSequencePoints="0" numBranchPoints="1" visitedBranchPoints="0" sequenceCoverage="0" branchCoverage="0" maxCyclomaticComplexity="1" minCyclomaticComplexity="1" maxCrapScore="2" minCrapScore="2" visitedClasses="0" numClasses="0" visitedMethods="0" numMethods="1" />
              <MetadataToken>100663303</MetadataToken>
              <Name>System.Void MVCATM.Tests.Controllers.TransactionControllerTest::Create_Deposit_Valid_Result_TransactionStatus()</Name>
              <FileRef uid="3" />
              <SequencePoints>
                <SequencePoint vc="0" uspid="76" ordinal="0" offset="13" sl="218" sc="9" el="218" ec="10" bec="0" bev="0" fileid="3" />
                <SequencePoint vc="0" uspid="77" ordinal="1" offset="14" sl="220" sc="13" el="220" ec="79" bec="0" bev="0" fileid="3" />
                <SequencePoint vc="0" uspid="78" ordinal="2" offset="31" sl="224" sc="13" el="224" ec="55" bec="0" bev="0" fileid="3" />
                <SequencePoint vc="0" uspid="79" ordinal="3" offset="43" sl="225" sc="13" el="225" ec="50" bec="0" bev="0" fileid="3" />
                <SequencePoint vc="0" uspid="80" ordinal="4" offset="51" sl="229" sc="13" el="229" ec="92" bec="0" bev="0" fileid="3" />
                <SequencePoint vc="0" uspid="81" ordinal="5" offset="69" sl="230" sc="13" el="230" ec="76" bec="0" bev="0" fileid="3" />
                <SequencePoint vc="0" uspid="82" ordinal="6" offset="92" sl="233" sc="13" el="233" ec="48" bec="0" bev="0" fileid="3" />
                <SequencePoint vc="0" uspid="83" ordinal="7" offset="101" sl="234" sc="13" el="234" ec="52" bec="0" bev="0" fileid="3" />
                <SequencePoint vc="0" uspid="84" ordinal="8" offset="119" sl="236" sc="13" el="237" ec="121" bec="0" bev="0" fileid="3" />
                <SequencePoint vc="0" uspid="85" ordinal="9" offset="153" sl="239" sc="13" el="240" ec="97" bec="0" bev="0" fileid="3" />
                <SequencePoint vc="0" uspid="86" ordinal="10" offset="183" sl="241" sc="13" el="241" ec="44" bec="0" bev="0" fileid="3" />
                <SequencePoint vc="0" uspid="87" ordinal="11" offset="191" sl="243" sc="13" el="243" ec="91" bec="0" bev="0" fileid="3" />
                <SequencePoint vc="0" uspid="88" ordinal="12" offset="205" sl="245" sc="13" el="245" ec="78" bec="0" bev="0" fileid="3" />
                <SequencePoint vc="0" uspid="89" ordinal="13" offset="218" sl="246" sc="13" el="246" ec="59" bec="0" bev="0" fileid="3" />
                <SequencePoint vc="0" uspid="90" ordinal="14" offset="227" sl="247" sc="13" el="247" ec="43" bec="0" bev="0" fileid="3" />
                <SequencePoint vc="0" uspid="91" ordinal="15" offset="242" sl="248" sc="9" el="248" ec="10" bec="0" bev="0" fileid="3" />
              </SequencePoints>
              <BranchPoints />
              <MethodPoint vc="0" uspid="92" ordinal="0" offset="0" />
            </Method>
            <Method visited="false" cyclomaticComplexity="1" nPathComplexity="0" sequenceCoverage="0" branchCoverage="0" crapScore="2" isConstructor="false" isStatic="false" isGetter="false" isSetter="false">
              <Summary numSequencePoints="16" visitedSequencePoints="0" numBranchPoints="1" visitedBranchPoints="0" sequenceCoverage="0" branchCoverage="0" maxCyclomaticComplexity="1" minCyclomaticComplexity="1" maxCrapScore="2" minCrapScore="2" visitedClasses="0" numClasses="0" visitedMethods="0" numMethods="1" />
              <MetadataToken>100663304</MetadataToken>
              <Name>System.Void MVCATM.Tests.Controllers.TransactionControllerTest::Create_Withdrawal_Valid_Result_TransactionStatus()</Name>
              <FileRef uid="3" />
              <SequencePoints>
                <SequencePoint vc="0" uspid="93" ordinal="0" offset="13" sl="251" sc="9" el="251" ec="10" bec="0" bev="0" fileid="3" />
                <SequencePoint vc="0" uspid="94" ordinal="1" offset="14" sl="253" sc="13" el="253" ec="79" bec="0" bev="0" fileid="3" />
                <SequencePoint vc="0" uspid="95" ordinal="2" offset="31" sl="256" sc="13" el="256" ec="55" bec="0" bev="0" fileid="3" />
                <SequencePoint vc="0" uspid="96" ordinal="3" offset="43" sl="257" sc="13" el="257" ec="50" bec="0" bev="0" fileid="3" />
                <SequencePoint vc="0" uspid="97" ordinal="4" offset="51" sl="260" sc="13" el="260" ec="93" bec="0" bev="0" fileid="3" />
                <SequencePoint vc="0" uspid="98" ordinal="5" offset="69" sl="261" sc="13" el="261" ec="76" bec="0" bev="0" fileid="3" />
                <SequencePoint vc="0" uspid="99" ordinal="6" offset="92" sl="263" sc="13" el="263" ec="51" bec="0" bev="0" fileid="3" />
                <SequencePoint vc="0" uspid="100" ordinal="7" offset="104" sl="264" sc="13" el="264" ec="50" bec="0" bev="0" fileid="3" />
                <SequencePoint vc="0" uspid="101" ordinal="8" offset="112" sl="266" sc="13" el="267" ec="121" bec="0" bev="0" fileid="3" />
                <SequencePoint vc="0" uspid="102" ordinal="9" offset="146" sl="268" sc="13" el="269" ec="97" bec="0" bev="0" fileid="3" />
                <SequencePoint vc="0" uspid="103" ordinal="10" offset="176" sl="270" sc="13" el="270" ec="44" bec="0" bev="0" fileid="3" />
                <SequencePoint vc="0" uspid="104" ordinal="11" offset="184" sl="272" sc="13" el="272" ec="147" bec="0" bev="0" fileid="3" />
                <SequencePoint vc="0" uspid="105" ordinal="12" offset="214" sl="273" sc="13" el="273" ec="62" bec="0" bev="0" fileid="3" />
                <SequencePoint vc="0" uspid="106" ordinal="13" offset="223" sl="275" sc="13" el="275" ec="49" bec="0" bev="0" fileid="3" />
                <SequencePoint vc="0" uspid="107" ordinal="14" offset="238" sl="276" sc="13" el="276" ec="91" bec="0" bev="0" fileid="3" />
                <SequencePoint vc="0" uspid="108" ordinal="15" offset="252" sl="277" sc="9" el="277" ec="10" bec="0" bev="0" fileid="3" />
              </SequencePoints>
              <BranchPoints />
              <MethodPoint vc="0" uspid="109" ordinal="0" offset="0" />
            </Method>
            <Method visited="false" cyclomaticComplexity="1" nPathComplexity="0" sequenceCoverage="0" branchCoverage="0" crapScore="2" isConstructor="false" isStatic="false" isGetter="false" isSetter="false">
              <Summary numSequencePoints="6" visitedSequencePoints="0" numBranchPoints="1" visitedBranchPoints="0" sequenceCoverage="0" branchCoverage="0" maxCyclomaticComplexity="1" minCyclomaticComplexity="1" maxCrapScore="2" minCrapScore="2" visitedClasses="0" numClasses="0" visitedMethods="0" numMethods="1" />
              <MetadataToken>100663305</MetadataToken>
              <Name>System.Void MVCATM.Tests.Controllers.TransactionControllerTest::Create_Withdrawal_Insufficient_Balance()</Name>
              <FileRef uid="3" />
              <SequencePoints>
                <SequencePoint vc="0" uspid="110" ordinal="0" offset="0" sl="280" sc="9" el="280" ec="10" bec="0" bev="0" fileid="3" />
                <SequencePoint vc="0" uspid="111" ordinal="1" offset="1" sl="282" sc="13" el="282" ec="79" bec="0" bev="0" fileid="3" />
                <SequencePoint vc="0" uspid="112" ordinal="2" offset="18" sl="286" sc="13" el="286" ec="84" bec="0" bev="0" fileid="3" />
                <SequencePoint vc="0" uspid="113" ordinal="3" offset="36" sl="287" sc="13" el="287" ec="66" bec="0" bev="0" fileid="3" />
                <SequencePoint vc="0" uspid="114" ordinal="4" offset="53" sl="290" sc="13" el="290" ec="40" bec="0" bev="0" fileid="3" />
                <SequencePoint vc="0" uspid="115" ordinal="5" offset="60" sl="292" sc="9" el="292" ec="10" bec="0" bev="0" fileid="3" />
              </SequencePoints>
              <BranchPoints />
              <MethodPoint xsi:type="SequencePoint" vc="0" uspid="110" ordinal="0" offset="0" sl="280" sc="9" el="280" ec="10" bec="0" bev="0" fileid="3" />
            </Method>
            <Method visited="false" cyclomaticComplexity="2" nPathComplexity="2" sequenceCoverage="0" branchCoverage="0" crapScore="6" isConstructor="false" isStatic="false" isGetter="false" isSetter="false">
              <Summary numSequencePoints="23" visitedSequencePoints="0" numBranchPoints="3" visitedBranchPoints="0" sequenceCoverage="0" branchCoverage="0" maxCyclomaticComplexity="2" minCyclomaticComplexity="2" maxCrapScore="6" minCrapScore="6" visitedClasses="0" numClasses="0" visitedMethods="0" numMethods="1" />
              <MetadataToken>100663306</MetadataToken>
              <Name>System.Void MVCATM.Tests.Controllers.TransactionControllerTest::Create_QuickCash_Valid_Redirect_TransactionStatus()</Name>
              <FileRef uid="3" />
              <SequencePoints>
                <SequencePoint vc="0" uspid="116" ordinal="0" offset="0" sl="295" sc="9" el="295" ec="10" bec="0" bev="0" fileid="3" />
                <SequencePoint vc="0" uspid="117" ordinal="1" offset="1" sl="297" sc="13" el="297" ec="79" bec="0" bev="0" fileid="3" />
                <SequencePoint vc="0" uspid="118" ordinal="2" offset="18" sl="300" sc="13" el="300" ec="55" bec="0" bev="0" fileid="3" />
                <SequencePoint vc="0" uspid="119" ordinal="3" offset="30" sl="301" sc="13" el="301" ec="50" bec="0" bev="0" fileid="3" />
                <SequencePoint vc="0" uspid="120" ordinal="4" offset="38" sl="303" sc="13" el="303" ec="141" bec="0" bev="0" fileid="3" />
                <SequencePoint vc="0" uspid="121" ordinal="5" offset="67" sl="304" sc="13" el="304" ec="62" bec="0" bev="0" fileid="3" />
                <SequencePoint vc="0" uspid="122" ordinal="6" offset="74" sl="305" sc="13" el="305" ec="39" bec="2" bev="0" fileid="3" />
                <SequencePoint vc="0" uspid="123" ordinal="7" offset="103" sl="306" sc="13" el="306" ec="14" bec="0" bev="0" fileid="3" />
                <SequencePoint vc="0" uspid="124" ordinal="8" offset="104" sl="308" sc="17" el="308" ec="100" bec="0" bev="0" fileid="3" />
                <SequencePoint vc="0" uspid="125" ordinal="9" offset="128" sl="309" sc="17" el="309" ec="80" bec="0" bev="0" fileid="3" />
                <SequencePoint vc="0" uspid="126" ordinal="10" offset="157" sl="312" sc="17" el="313" ec="103" bec="0" bev="0" fileid="3" />
                <SequencePoint vc="0" uspid="127" ordinal="11" offset="188" sl="314" sc="17" el="314" ec="48" bec="0" bev="0" fileid="3" />
                <SequencePoint vc="0" uspid="128" ordinal="12" offset="196" sl="316" sc="17" el="316" ec="129" bec="0" bev="0" fileid="3" />
                <SequencePoint vc="0" uspid="129" ordinal="13" offset="225" sl="317" sc="17" el="317" ec="58" bec="0" bev="0" fileid="3" />
                <SequencePoint vc="0" uspid="130" ordinal="14" offset="232" sl="319" sc="17" el="319" ec="52" bec="0" bev="0" fileid="3" />
                <SequencePoint vc="0" uspid="131" ordinal="15" offset="244" sl="320" sc="17" el="320" ec="95" bec="0" bev="0" fileid="3" />
                <SequencePoint vc="0" uspid="132" ordinal="16" offset="258" sl="321" sc="13" el="321" ec="14" bec="0" bev="0" fileid="3" />
                <SequencePoint vc="0" uspid="133" ordinal="17" offset="261" sl="323" sc="13" el="323" ec="14" bec="0" bev="0" fileid="3" />
                <SequencePoint vc="0" uspid="134" ordinal="18" offset="262" sl="325" sc="17" el="325" ec="89" bec="0" bev="0" fileid="3" />
                <SequencePoint vc="0" uspid="135" ordinal="19" offset="286" sl="326" sc="17" el="326" ec="70" bec="0" bev="0" fileid="3" />
                <SequencePoint vc="0" uspid="136" ordinal="20" offset="305" sl="329" sc="17" el="329" ec="44" bec="0" bev="0" fileid="3" />
                <SequencePoint vc="0" uspid="137" ordinal="21" offset="313" sl="330" sc="13" el="330" ec="14" bec="0" bev="0" fileid="3" />
                <SequencePoint vc="0" uspid="138" ordinal="22" offset="314" sl="332" sc="9" el="332" ec="10" bec="0" bev="0" fileid="3" />
              </SequencePoints>
              <BranchPoints>
                <BranchPoint vc="0" uspid="139" ordinal="0" offset="91" sl="305" path="0" offsetend="96" fileid="3" />
                <BranchPoint vc="0" uspid="140" ordinal="1" offset="91" sl="305" path="1" offsetend="261" fileid="3" />
              </BranchPoints>
              <MethodPoint xsi:type="SequencePoint" vc="0" uspid="116" ordinal="0" offset="0" sl="295" sc="9" el="295" ec="10" bec="0" bev="0" fileid="3" />
            </Method>
            <Method visited="false" cyclomaticComplexity="1" nPathComplexity="0" sequenceCoverage="0" branchCoverage="0" crapScore="2" isConstructor="false" isStatic="false" isGetter="false" isSetter="false">
              <Summary numSequencePoints="11" visitedSequencePoints="0" numBranchPoints="1" visitedBranchPoints="0" sequenceCoverage="0" branchCoverage="0" maxCyclomaticComplexity="1" minCyclomaticComplexity="1" maxCrapScore="2" minCrapScore="2" visitedClasses="0" numClasses="0" visitedMethods="0" numMethods="1" />
              <MetadataToken>100663307</MetadataToken>
              <Name>System.Void MVCATM.Tests.Controllers.TransactionControllerTest::Transfer_Success_StatusView()</Name>
              <FileRef uid="3" />
              <SequencePoints>
                <SequencePoint vc="0" uspid="141" ordinal="0" offset="0" sl="336" sc="9" el="336" ec="10" bec="0" bev="0" fileid="3" />
                <SequencePoint vc="0" uspid="142" ordinal="1" offset="1" sl="338" sc="13" el="338" ec="79" bec="0" bev="0" fileid="3" />
                <SequencePoint vc="0" uspid="143" ordinal="2" offset="18" sl="341" sc="13" el="341" ec="67" bec="0" bev="0" fileid="3" />
                <SequencePoint vc="0" uspid="144" ordinal="3" offset="30" sl="342" sc="13" el="342" ec="64" bec="0" bev="0" fileid="3" />
                <SequencePoint vc="0" uspid="145" ordinal="4" offset="42" sl="343" sc="13" el="343" ec="51" bec="0" bev="0" fileid="3" />
                <SequencePoint vc="0" uspid="146" ordinal="5" offset="56" sl="344" sc="13" el="344" ec="48" bec="0" bev="0" fileid="3" />
                <SequencePoint vc="0" uspid="147" ordinal="6" offset="68" sl="349" sc="13" el="349" ec="106" bec="0" bev="0" fileid="3" />
                <SequencePoint vc="0" uspid="148" ordinal="7" offset="86" sl="351" sc="13" el="351" ec="79" bec="0" bev="0" fileid="3" />
                <SequencePoint vc="0" uspid="149" ordinal="8" offset="103" sl="352" sc="13" el="352" ec="98" bec="0" bev="0" fileid="3" />
                <SequencePoint vc="0" uspid="150" ordinal="9" offset="121" sl="354" sc="13" el="354" ec="90" bec="0" bev="0" fileid="3" />
                <SequencePoint vc="0" uspid="151" ordinal="10" offset="135" sl="357" sc="9" el="357" ec="10" bec="0" bev="0" fileid="3" />
              </SequencePoints>
              <BranchPoints />
              <MethodPoint xsi:type="SequencePoint" vc="0" uspid="141" ordinal="0" offset="0" sl="336" sc="9" el="336" ec="10" bec="0" bev="0" fileid="3" />
            </Method>
            <Method visited="false" cyclomaticComplexity="1" nPathComplexity="0" sequenceCoverage="0" branchCoverage="0" crapScore="2" isConstructor="false" isStatic="false" isGetter="false" isSetter="false">
              <Summary numSequencePoints="12" visitedSequencePoints="0" numBranchPoints="1" visitedBranchPoints="0" sequenceCoverage="0" branchCoverage="0" maxCyclomaticComplexity="1" minCyclomaticComplexity="1" maxCrapScore="2" minCrapScore="2" visitedClasses="0" numClasses="0" visitedMethods="0" numMethods="1" />
              <MetadataToken>100663308</MetadataToken>
              <Name>System.Void MVCATM.Tests.Controllers.TransactionControllerTest::Transfer_Failure_AccountNotExists()</Name>
              <FileRef uid="3" />
              <SequencePoints>
                <SequencePoint vc="0" uspid="152" ordinal="0" offset="0" sl="361" sc="9" el="361" ec="10" bec="0" bev="0" fileid="3" />
                <SequencePoint vc="0" uspid="153" ordinal="1" offset="1" sl="363" sc="13" el="363" ec="79" bec="0" bev="0" fileid="3" />
                <SequencePoint vc="0" uspid="154" ordinal="2" offset="18" sl="366" sc="13" el="366" ec="67" bec="0" bev="0" fileid="3" />
                <SequencePoint vc="0" uspid="155" ordinal="3" offset="30" sl="367" sc="13" el="367" ec="64" bec="0" bev="0" fileid="3" />
                <SequencePoint vc="0" uspid="156" ordinal="4" offset="42" sl="368" sc="13" el="368" ec="51" bec="0" bev="0" fileid="3" />
                <SequencePoint vc="0" uspid="157" ordinal="5" offset="56" sl="369" sc="13" el="369" ec="48" bec="0" bev="0" fileid="3" />
                <SequencePoint vc="0" uspid="158" ordinal="6" offset="68" sl="372" sc="13" el="372" ec="91" bec="0" bev="0" fileid="3" />
                <SequencePoint vc="0" uspid="159" ordinal="7" offset="86" sl="373" sc="14" el="373" ec="67" bec="0" bev="0" fileid="3" />
                <SequencePoint vc="0" uspid="160" ordinal="8" offset="104" sl="377" sc="13" el="377" ec="40" bec="0" bev="0" fileid="3" />
                <SequencePoint vc="0" uspid="161" ordinal="9" offset="112" sl="378" sc="13" el="378" ec="91" bec="0" bev="0" fileid="3" />
                <SequencePoint vc="0" uspid="162" ordinal="10" offset="152" sl="379" sc="13" el="379" ec="125" bec="0" bev="0" fileid="3" />
                <SequencePoint vc="0" uspid="163" ordinal="11" offset="205" sl="381" sc="9" el="381" ec="10" bec="0" bev="0" fileid="3" />
              </SequencePoints>
              <BranchPoints />
              <MethodPoint xsi:type="SequencePoint" vc="0" uspid="152" ordinal="0" offset="0" sl="361" sc="9" el="361" ec="10" bec="0" bev="0" fileid="3" />
            </Method>
            <Method visited="false" cyclomaticComplexity="1" nPathComplexity="0" sequenceCoverage="0" branchCoverage="0" crapScore="2" isConstructor="false" isStatic="false" isGetter="false" isSetter="false">
              <Summary numSequencePoints="12" visitedSequencePoints="0" numBranchPoints="1" visitedBranchPoints="0" sequenceCoverage="0" branchCoverage="0" maxCyclomaticComplexity="1" minCyclomaticComplexity="1" maxCrapScore="2" minCrapScore="2" visitedClasses="0" numClasses="0" visitedMethods="0" numMethods="1" />
              <MetadataToken>100663309</MetadataToken>
              <Name>System.Void MVCATM.Tests.Controllers.TransactionControllerTest::Transfer_Failure_InsufficientBalance()</Name>
              <FileRef uid="3" />
              <SequencePoints>
                <SequencePoint vc="0" uspid="164" ordinal="0" offset="0" sl="385" sc="9" el="385" ec="10" bec="0" bev="0" fileid="3" />
                <SequencePoint vc="0" uspid="165" ordinal="1" offset="1" sl="387" sc="13" el="387" ec="79" bec="0" bev="0" fileid="3" />
                <SequencePoint vc="0" uspid="166" ordinal="2" offset="18" sl="390" sc="13" el="390" ec="67" bec="0" bev="0" fileid="3" />
                <SequencePoint vc="0" uspid="167" ordinal="3" offset="30" sl="391" sc="13" el="391" ec="64" bec="0" bev="0" fileid="3" />
                <SequencePoint vc="0" uspid="168" ordinal="4" offset="42" sl="392" sc="13" el="392" ec="51" bec="0" bev="0" fileid="3" />
                <SequencePoint vc="0" uspid="169" ordinal="5" offset="56" sl="393" sc="13" el="393" ec="48" bec="0" bev="0" fileid="3" />
                <SequencePoint vc="0" uspid="170" ordinal="6" offset="68" sl="396" sc="13" el="396" ec="90" bec="0" bev="0" fileid="3" />
                <SequencePoint vc="0" uspid="171" ordinal="7" offset="86" sl="397" sc="13" el="397" ec="66" bec="0" bev="0" fileid="3" />
                <SequencePoint vc="0" uspid="172" ordinal="8" offset="104" sl="401" sc="13" el="401" ec="40" bec="0" bev="0" fileid="3" />
                <SequencePoint vc="0" uspid="173" ordinal="9" offset="112" sl="402" sc="13" el="402" ec="82" bec="0" bev="0" fileid="3" />
                <SequencePoint vc="0" uspid="174" ordinal="10" offset="152" sl="403" sc="13" el="403" ec="140" bec="0" bev="0" fileid="3" />
                <SequencePoint vc="0" uspid="175" ordinal="11" offset="205" sl="405" sc="9" el="405" ec="10" bec="0" bev="0" fileid="3" />
              </SequencePoints>
              <BranchPoints />
              <MethodPoint xsi:type="SequencePoint" vc="0" uspid="164" ordinal="0" offset="0" sl="385" sc="9" el="385" ec="10" bec="0" bev="0" fileid="3" />
            </Method>
            <Method visited="false" cyclomaticComplexity="1" nPathComplexity="0" sequenceCoverage="0" branchCoverage="0" crapScore="2" isConstructor="false" isStatic="false" isGetter="false" isSetter="false">
              <Summary numSequencePoints="5" visitedSequencePoints="0" numBranchPoints="1" visitedBranchPoints="0" sequenceCoverage="0" branchCoverage="0" maxCyclomaticComplexity="1" minCyclomaticComplexity="1" maxCrapScore="2" minCrapScore="2" visitedClasses="0" numClasses="0" visitedMethods="0" numMethods="1" />
              <MetadataToken>100663310</MetadataToken>
              <Name>MVCATM.Models.Transaction MVCATM.Tests.Controllers.TransactionControllerTest::&lt;.ctor&gt;b__12_2(MVCATM.Models.Transaction)</Name>
              <FileRef uid="3" />
              <SequencePoints>
                <SequencePoint vc="0" uspid="176" ordinal="0" offset="0" sl="136" sc="17" el="136" ec="18" bec="0" bev="0" fileid="3" />
                <SequencePoint vc="0" uspid="177" ordinal="1" offset="1" sl="137" sc="21" el="137" ec="61" bec="0" bev="0" fileid="3" />
                <SequencePoint vc="0" uspid="178" ordinal="2" offset="21" sl="138" sc="21" el="138" ec="51" bec="0" bev="0" fileid="3" />
                <SequencePoint vc="0" uspid="179" ordinal="3" offset="34" sl="139" sc="21" el="139" ec="40" bec="0" bev="0" fileid="3" />
                <SequencePoint vc="0" uspid="180" ordinal="4" offset="38" sl="140" sc="17" el="140" ec="18" bec="0" bev="0" fileid="3" />
              </SequencePoints>
              <BranchPoints />
              <MethodPoint xsi:type="SequencePoint" vc="0" uspid="176" ordinal="0" offset="0" sl="136" sc="17" el="136" ec="18" bec="0" bev="0" fileid="3" />
            </Method>
            <Method visited="false" cyclomaticComplexity="1" nPathComplexity="0" sequenceCoverage="0" branchCoverage="0" crapScore="2" isConstructor="false" isStatic="false" isGetter="false" isSetter="false">
              <Summary numSequencePoints="5" visitedSequencePoints="0" numBranchPoints="1" visitedBranchPoints="0" sequenceCoverage="0" branchCoverage="0" maxCyclomaticComplexity="1" minCyclomaticComplexity="1" maxCrapScore="2" minCrapScore="2" visitedClasses="0" numClasses="0" visitedMethods="0" numMethods="1" />
              <MetadataToken>100663311</MetadataToken>
              <Name>MVCATM.Models.CheckingAccount MVCATM.Tests.Controllers.TransactionControllerTest::&lt;.ctor&gt;b__12_5(MVCATM.Models.CheckingAccount)</Name>
              <FileRef uid="3" />
              <SequencePoints>
                <SequencePoint vc="0" uspid="181" ordinal="0" offset="13" sl="150" sc="17" el="150" ec="18" bec="0" bev="0" fileid="3" />
                <SequencePoint vc="0" uspid="182" ordinal="1" offset="14" sl="151" sc="21" el="152" ec="73" bec="0" bev="0" fileid="3" />
                <SequencePoint vc="0" uspid="183" ordinal="2" offset="43" sl="153" sc="21" el="153" ec="64" bec="0" bev="0" fileid="3" />
                <SequencePoint vc="0" uspid="184" ordinal="3" offset="61" sl="154" sc="21" el="154" ec="44" bec="0" bev="0" fileid="3" />
                <SequencePoint vc="0" uspid="185" ordinal="4" offset="70" sl="155" sc="17" el="155" ec="18" bec="0" bev="0" fileid="3" />
              </SequencePoints>
              <BranchPoints />
              <MethodPoint vc="0" uspid="186" ordinal="0" offset="0" />
            </Method>
            <Method visited="false" cyclomaticComplexity="1" nPathComplexity="0" sequenceCoverage="0" branchCoverage="0" crapScore="2" isConstructor="false" isStatic="false" isGetter="false" isSetter="false">
              <Summary numSequencePoints="5" visitedSequencePoints="0" numBranchPoints="1" visitedBranchPoints="0" sequenceCoverage="0" branchCoverage="0" maxCyclomaticComplexity="1" minCyclomaticComplexity="1" maxCrapScore="2" minCrapScore="2" visitedClasses="0" numClasses="0" visitedMethods="0" numMethods="1" />
              <MetadataToken>100663312</MetadataToken>
              <Name>MVCATM.Models.TransactionStatus MVCATM.Tests.Controllers.TransactionControllerTest::&lt;.ctor&gt;b__12_7(MVCATM.Models.TransactionStatus)</Name>
              <FileRef uid="3" />
              <SequencePoints>
                <SequencePoint vc="0" uspid="187" ordinal="0" offset="0" sl="162" sc="16" el="162" ec="17" bec="0" bev="0" fileid="3" />
                <SequencePoint vc="0" uspid="188" ordinal="1" offset="1" sl="163" sc="20" el="163" ec="73" bec="0" bev="0" fileid="3" />
                <SequencePoint vc="0" uspid="189" ordinal="2" offset="21" sl="164" sc="20" el="164" ec="63" bec="0" bev="0" fileid="3" />
                <SequencePoint vc="0" uspid="190" ordinal="3" offset="34" sl="165" sc="20" el="165" ec="45" bec="0" bev="0" fileid="3" />
                <SequencePoint vc="0" uspid="191" ordinal="4" offset="38" sl="166" sc="16" el="166" ec="17" bec="0" bev="0" fileid="3" />
              </SequencePoints>
              <BranchPoints />
              <MethodPoint xsi:type="SequencePoint" vc="0" uspid="187" ordinal="0" offset="0" sl="162" sc="16" el="162" ec="17" bec="0" bev="0" fileid="3" />
            </Method>
            <Method visited="false" cyclomaticComplexity="1" nPathComplexity="0" sequenceCoverage="0" branchCoverage="0" crapScore="2" isConstructor="false" isStatic="false" isGetter="false" isSetter="false">
              <Summary numSequencePoints="3" visitedSequencePoints="0" numBranchPoints="1" visitedBranchPoints="0" sequenceCoverage="0" branchCoverage="0" maxCyclomaticComplexity="1" minCyclomaticComplexity="1" maxCrapScore="2" minCrapScore="2" visitedClasses="0" numClasses="0" visitedMethods="0" numMethods="1" />
              <MetadataToken>100663313</MetadataToken>
              <Name>MVCATM.Models.TransactionStatus MVCATM.Tests.Controllers.TransactionControllerTest::&lt;.ctor&gt;b__12_9(System.Int32)</Name>
              <FileRef uid="3" />
              <SequencePoints>
                <SequencePoint vc="0" uspid="192" ordinal="0" offset="13" sl="172" sc="13" el="172" ec="14" bec="0" bev="0" fileid="3" />
                <SequencePoint vc="0" uspid="193" ordinal="1" offset="14" sl="173" sc="17" el="173" ec="103" bec="0" bev="0" fileid="3" />
                <SequencePoint vc="0" uspid="194" ordinal="2" offset="45" sl="174" sc="13" el="174" ec="14" bec="0" bev="0" fileid="3" />
              </SequencePoints>
              <BranchPoints />
              <MethodPoint vc="0" uspid="195" ordinal="0" offset="0" />
            </Method>
            <Method visited="false" cyclomaticComplexity="1" nPathComplexity="0" sequenceCoverage="0" branchCoverage="0" crapScore="2" isConstructor="false" isStatic="false" isGetter="false" isSetter="false">
              <Summary numSequencePoints="3" visitedSequencePoints="0" numBranchPoints="1" visitedBranchPoints="0" sequenceCoverage="0" branchCoverage="0" maxCyclomaticComplexity="1" minCyclomaticComplexity="1" maxCrapScore="2" minCrapScore="2" visitedClasses="0" numClasses="0" visitedMethods="0" numMethods="1" />
              <MetadataToken>100663314</MetadataToken>
              <Name>MVCATM.Models.CheckingAccount MVCATM.Tests.Controllers.TransactionControllerTest::&lt;.ctor&gt;b__12_11(System.String)</Name>
              <FileRef uid="3" />
              <SequencePoints>
                <SequencePoint vc="0" uspid="196" ordinal="0" offset="13" sl="181" sc="15" el="181" ec="16" bec="0" bev="0" fileid="3" />
                <SequencePoint vc="0" uspid="197" ordinal="1" offset="14" sl="182" sc="19" el="182" ec="122" bec="0" bev="0" fileid="3" />
                <SequencePoint vc="0" uspid="198" ordinal="2" offset="45" sl="183" sc="15" el="183" ec="16" bec="0" bev="0" fileid="3" />
              </SequencePoints>
              <BranchPoints />
              <MethodPoint vc="0" uspid="199" ordinal="0" offset="0" />
            </Method>
            <Method visited="false" cyclomaticComplexity="1" nPathComplexity="0" sequenceCoverage="0" branchCoverage="0" crapScore="2" isConstructor="false" isStatic="false" isGetter="false" isSetter="false">
              <Summary numSequencePoints="1" visitedSequencePoints="0" numBranchPoints="1" visitedBranchPoints="0" sequenceCoverage="0" branchCoverage="0" maxCyclomaticComplexity="1" minCyclomaticComplexity="1" maxCrapScore="2" minCrapScore="2" visitedClasses="0" numClasses="0" visitedMethods="0" numMethods="1" />
              <MetadataToken>100663315</MetadataToken>
              <Name>System.Boolean MVCATM.Tests.Controllers.TransactionControllerTest::&lt;Create_QuickCash_Valid_Redirect_TransactionStatus&gt;b__18_0(MVCATM.Models.CheckingAccount)</Name>
              <FileRef uid="3" />
              <SequencePoints>
                <SequencePoint vc="0" uspid="200" ordinal="0" offset="0" sl="303" sc="75" el="303" ec="105" bec="0" bev="0" fileid="3" />
              </SequencePoints>
              <BranchPoints />
              <MethodPoint xsi:type="SequencePoint" vc="0" uspid="200" ordinal="0" offset="0" sl="303" sc="75" el="303" ec="105" bec="0" bev="0" fileid="3" />
            </Method>
            <Method visited="false" cyclomaticComplexity="1" nPathComplexity="0" sequenceCoverage="0" branchCoverage="0" crapScore="2" isConstructor="false" isStatic="false" isGetter="false" isSetter="false">
              <Summary numSequencePoints="1" visitedSequencePoints="0" numBranchPoints="1" visitedBranchPoints="0" sequenceCoverage="0" branchCoverage="0" maxCyclomaticComplexity="1" minCyclomaticComplexity="1" maxCrapScore="2" minCrapScore="2" visitedClasses="0" numClasses="0" visitedMethods="0" numMethods="1" />
              <MetadataToken>100663316</MetadataToken>
              <Name>System.Boolean MVCATM.Tests.Controllers.TransactionControllerTest::&lt;Create_QuickCash_Valid_Redirect_TransactionStatus&gt;b__18_2(MVCATM.Models.CheckingAccount)</Name>
              <FileRef uid="3" />
              <SequencePoints>
                <SequencePoint vc="0" uspid="201" ordinal="0" offset="0" sl="316" sc="63" el="316" ec="93" bec="0" bev="0" fileid="3" />
              </SequencePoints>
              <BranchPoints />
              <MethodPoint xsi:type="SequencePoint" vc="0" uspid="201" ordinal="0" offset="0" sl="316" sc="63" el="316" ec="93" bec="0" bev="0" fileid="3" />
            </Method>
          </Methods>
        </Class>
        <Class>
          <Summary numSequencePoints="1" visitedSequencePoints="0" numBranchPoints="1" visitedBranchPoints="0" sequenceCoverage="0" branchCoverage="0" maxCyclomaticComplexity="1" minCyclomaticComplexity="1" maxCrapScore="2" minCrapScore="2" visitedClasses="0" numClasses="1" visitedMethods="0" numMethods="1" />
          <FullName>MVCATM.Tests.Controllers.TransactionControllerTest/&lt;&gt;c__DisplayClass12_0</FullName>
          <Methods>
            <Method visited="false" cyclomaticComplexity="1" nPathComplexity="0" sequenceCoverage="0" branchCoverage="0" crapScore="2" isConstructor="true" isStatic="false" isGetter="false" isSetter="false">
              <Summary numSequencePoints="0" visitedSequencePoints="0" numBranchPoints="0" visitedBranchPoints="0" sequenceCoverage="0" branchCoverage="0" maxCyclomaticComplexity="1" minCyclomaticComplexity="1" maxCrapScore="2" minCrapScore="2" visitedClasses="0" numClasses="0" visitedMethods="0" numMethods="0" />
              <MetadataToken>100663324</MetadataToken>
              <Name>System.Void MVCATM.Tests.Controllers.TransactionControllerTest/&lt;&gt;c__DisplayClass12_0::.ctor()</Name>
              <SequencePoints />
              <BranchPoints />
              <MethodPoint vc="0" uspid="202" ordinal="0" offset="0" />
            </Method>
            <Method visited="false" cyclomaticComplexity="1" nPathComplexity="0" sequenceCoverage="0" branchCoverage="0" crapScore="2" isConstructor="false" isStatic="false" isGetter="false" isSetter="false">
              <Summary numSequencePoints="1" visitedSequencePoints="0" numBranchPoints="1" visitedBranchPoints="0" sequenceCoverage="0" branchCoverage="0" maxCyclomaticComplexity="1" minCyclomaticComplexity="1" maxCrapScore="2" minCrapScore="2" visitedClasses="0" numClasses="0" visitedMethods="0" numMethods="1" />
              <MetadataToken>100663325</MetadataToken>
              <Name>System.Boolean MVCATM.Tests.Controllers.TransactionControllerTest/&lt;&gt;c__DisplayClass12_0::&lt;.ctor&gt;b__12(MVCATM.Models.CheckingAccount)</Name>
              <FileRef uid="3" />
              <SequencePoints>
                <SequencePoint vc="0" uspid="203" ordinal="0" offset="0" sl="152" sc="35" el="152" ec="62" bec="0" bev="0" fileid="3" />
              </SequencePoints>
              <BranchPoints />
              <MethodPoint xsi:type="SequencePoint" vc="0" uspid="203" ordinal="0" offset="0" sl="152" sc="35" el="152" ec="62" bec="0" bev="0" fileid="3" />
            </Method>
          </Methods>
        </Class>
        <Class>
          <Summary numSequencePoints="1" visitedSequencePoints="0" numBranchPoints="1" visitedBranchPoints="0" sequenceCoverage="0" branchCoverage="0" maxCyclomaticComplexity="1" minCyclomaticComplexity="1" maxCrapScore="2" minCrapScore="2" visitedClasses="0" numClasses="1" visitedMethods="0" numMethods="1" />
          <FullName>MVCATM.Tests.Controllers.TransactionControllerTest/&lt;&gt;c__DisplayClass12_1</FullName>
          <Methods>
            <Method visited="false" cyclomaticComplexity="1" nPathComplexity="0" sequenceCoverage="0" branchCoverage="0" crapScore="2" isConstructor="true" isStatic="false" isGetter="false" isSetter="false">
              <Summary numSequencePoints="0" visitedSequencePoints="0" numBranchPoints="0" visitedBranchPoints="0" sequenceCoverage="0" branchCoverage="0" maxCyclomaticComplexity="1" minCyclomaticComplexity="1" maxCrapScore="2" minCrapScore="2" visitedClasses="0" numClasses="0" visitedMethods="0" numMethods="0" />
              <MetadataToken>100663326</MetadataToken>
              <Name>System.Void MVCATM.Tests.Controllers.TransactionControllerTest/&lt;&gt;c__DisplayClass12_1::.ctor()</Name>
              <SequencePoints />
              <BranchPoints />
              <MethodPoint vc="0" uspid="204" ordinal="0" offset="0" />
            </Method>
            <Method visited="false" cyclomaticComplexity="1" nPathComplexity="0" sequenceCoverage="0" branchCoverage="0" crapScore="2" isConstructor="false" isStatic="false" isGetter="false" isSetter="false">
              <Summary numSequencePoints="1" visitedSequencePoints="0" numBranchPoints="1" visitedBranchPoints="0" sequenceCoverage="0" branchCoverage="0" maxCyclomaticComplexity="1" minCyclomaticComplexity="1" maxCrapScore="2" minCrapScore="2" visitedClasses="0" numClasses="0" visitedMethods="0" numMethods="1" />
              <MetadataToken>100663327</MetadataToken>
              <Name>System.Boolean MVCATM.Tests.Controllers.TransactionControllerTest/&lt;&gt;c__DisplayClass12_1::&lt;.ctor&gt;b__13(MVCATM.Models.TransactionStatus)</Name>
              <FileRef uid="3" />
              <SequencePoints>
                <SequencePoint vc="0" uspid="205" ordinal="0" offset="0" sl="173" sc="55" el="173" ec="65" bec="0" bev="0" fileid="3" />
              </SequencePoints>
              <BranchPoints />
              <MethodPoint xsi:type="SequencePoint" vc="0" uspid="205" ordinal="0" offset="0" sl="173" sc="55" el="173" ec="65" bec="0" bev="0" fileid="3" />
            </Method>
          </Methods>
        </Class>
        <Class>
          <Summary numSequencePoints="1" visitedSequencePoints="0" numBranchPoints="1" visitedBranchPoints="0" sequenceCoverage="0" branchCoverage="0" maxCyclomaticComplexity="1" minCyclomaticComplexity="1" maxCrapScore="2" minCrapScore="2" visitedClasses="0" numClasses="1" visitedMethods="0" numMethods="1" />
          <FullName>MVCATM.Tests.Controllers.TransactionControllerTest/&lt;&gt;c__DisplayClass12_2</FullName>
          <Methods>
            <Method visited="false" cyclomaticComplexity="1" nPathComplexity="0" sequenceCoverage="0" branchCoverage="0" crapScore="2" isConstructor="true" isStatic="false" isGetter="false" isSetter="false">
              <Summary numSequencePoints="0" visitedSequencePoints="0" numBranchPoints="0" visitedBranchPoints="0" sequenceCoverage="0" branchCoverage="0" maxCyclomaticComplexity="1" minCyclomaticComplexity="1" maxCrapScore="2" minCrapScore="2" visitedClasses="0" numClasses="0" visitedMethods="0" numMethods="0" />
              <MetadataToken>100663328</MetadataToken>
              <Name>System.Void MVCATM.Tests.Controllers.TransactionControllerTest/&lt;&gt;c__DisplayClass12_2::.ctor()</Name>
              <SequencePoints />
              <BranchPoints />
              <MethodPoint vc="0" uspid="206" ordinal="0" offset="0" />
            </Method>
            <Method visited="false" cyclomaticComplexity="1" nPathComplexity="0" sequenceCoverage="0" branchCoverage="0" crapScore="2" isConstructor="false" isStatic="false" isGetter="false" isSetter="false">
              <Summary numSequencePoints="1" visitedSequencePoints="0" numBranchPoints="1" visitedBranchPoints="0" sequenceCoverage="0" branchCoverage="0" maxCyclomaticComplexity="1" minCyclomaticComplexity="1" maxCrapScore="2" minCrapScore="2" visitedClasses="0" numClasses="0" visitedMethods="0" numMethods="1" />
              <MetadataToken>100663329</MetadataToken>
              <Name>System.Boolean MVCATM.Tests.Controllers.TransactionControllerTest/&lt;&gt;c__DisplayClass12_2::&lt;.ctor&gt;b__14(MVCATM.Models.CheckingAccount)</Name>
              <FileRef uid="3" />
              <SequencePoints>
                <SequencePoint vc="0" uspid="207" ordinal="0" offset="0" sl="182" sc="54" el="182" ec="86" bec="0" bev="0" fileid="3" />
              </SequencePoints>
              <BranchPoints />
              <MethodPoint xsi:type="SequencePoint" vc="0" uspid="207" ordinal="0" offset="0" sl="182" sc="54" el="182" ec="86" bec="0" bev="0" fileid="3" />
            </Method>
          </Methods>
        </Class>
        <Class>
          <Summary numSequencePoints="0" visitedSequencePoints="0" numBranchPoints="0" visitedBranchPoints="0" sequenceCoverage="0" branchCoverage="0" maxCyclomaticComplexity="1" minCyclomaticComplexity="1" maxCrapScore="2" minCrapScore="2" visitedClasses="0" numClasses="0" visitedMethods="0" numMethods="0" />
          <FullName>MVCATM.Tests.Controllers.TransactionControllerTest/&lt;&gt;c</FullName>
          <Methods>
            <Method visited="false" cyclomaticComplexity="1" nPathComplexity="0" sequenceCoverage="0" branchCoverage="0" crapScore="2" isConstructor="true" isStatic="true" isGetter="false" isSetter="false">
              <Summary numSequencePoints="0" visitedSequencePoints="0" numBranchPoints="0" visitedBranchPoints="0" sequenceCoverage="0" branchCoverage="0" maxCyclomaticComplexity="1" minCyclomaticComplexity="1" maxCrapScore="2" minCrapScore="2" visitedClasses="0" numClasses="0" visitedMethods="0" numMethods="0" />
              <MetadataToken>100663330</MetadataToken>
              <Name>System.Void MVCATM.Tests.Controllers.TransactionControllerTest/&lt;&gt;c::.cctor()</Name>
              <SequencePoints />
              <BranchPoints />
              <MethodPoint vc="0" uspid="208" ordinal="0" offset="0" />
            </Method>
            <Method visited="false" cyclomaticComplexity="1" nPathComplexity="0" sequenceCoverage="0" branchCoverage="0" crapScore="2" isConstructor="true" isStatic="false" isGetter="false" isSetter="false">
              <Summary numSequencePoints="0" visitedSequencePoints="0" numBranchPoints="0" visitedBranchPoints="0" sequenceCoverage="0" branchCoverage="0" maxCyclomaticComplexity="1" minCyclomaticComplexity="1" maxCrapScore="2" minCrapScore="2" visitedClasses="0" numClasses="0" visitedMethods="0" numMethods="0" />
              <MetadataToken>100663331</MetadataToken>
              <Name>System.Void MVCATM.Tests.Controllers.TransactionControllerTest/&lt;&gt;c::.ctor()</Name>
              <SequencePoints />
              <BranchPoints />
              <MethodPoint vc="0" uspid="209" ordinal="0" offset="0" />
            </Method>
          </Methods>
        </Class>
        <Class>
          <Summary numSequencePoints="2" visitedSequencePoints="0" numBranchPoints="2" visitedBranchPoints="0" sequenceCoverage="0" branchCoverage="0" maxCyclomaticComplexity="1" minCyclomaticComplexity="1" maxCrapScore="2" minCrapScore="2" visitedClasses="0" numClasses="1" visitedMethods="0" numMethods="2" />
          <FullName>MVCATM.Tests.Controllers.TransactionControllerTest/&lt;&gt;c__DisplayClass15_0</FullName>
          <Methods>
            <Method visited="false" cyclomaticComplexity="1" nPathComplexity="0" sequenceCoverage="0" branchCoverage="0" crapScore="2" isConstructor="true" isStatic="false" isGetter="false" isSetter="false">
              <Summary numSequencePoints="0" visitedSequencePoints="0" numBranchPoints="0" visitedBranchPoints="0" sequenceCoverage="0" branchCoverage="0" maxCyclomaticComplexity="1" minCyclomaticComplexity="1" maxCrapScore="2" minCrapScore="2" visitedClasses="0" numClasses="0" visitedMethods="0" numMethods="0" />
              <MetadataToken>100663332</MetadataToken>
              <Name>System.Void MVCATM.Tests.Controllers.TransactionControllerTest/&lt;&gt;c__DisplayClass15_0::.ctor()</Name>
              <SequencePoints />
              <BranchPoints />
              <MethodPoint vc="0" uspid="210" ordinal="0" offset="0" />
            </Method>
            <Method visited="false" cyclomaticComplexity="1" nPathComplexity="0" sequenceCoverage="0" branchCoverage="0" crapScore="2" isConstructor="false" isStatic="false" isGetter="false" isSetter="false">
              <Summary numSequencePoints="1" visitedSequencePoints="0" numBranchPoints="1" visitedBranchPoints="0" sequenceCoverage="0" branchCoverage="0" maxCyclomaticComplexity="1" minCyclomaticComplexity="1" maxCrapScore="2" minCrapScore="2" visitedClasses="0" numClasses="0" visitedMethods="0" numMethods="1" />
              <MetadataToken>100663333</MetadataToken>
              <Name>System.Boolean MVCATM.Tests.Controllers.TransactionControllerTest/&lt;&gt;c__DisplayClass15_0::&lt;Create_Deposit_Valid_Result_TransactionStatus&gt;b__0(MVCATM.Models.Transaction)</Name>
              <FileRef uid="3" />
              <SequencePoints>
                <SequencePoint vc="0" uspid="211" ordinal="0" offset="0" sl="237" sc="29" el="237" ec="90" bec="0" bev="0" fileid="3" />
              </SequencePoints>
              <BranchPoints />
              <MethodPoint xsi:type="SequencePoint" vc="0" uspid="211" ordinal="0" offset="0" sl="237" sc="29" el="237" ec="90" bec="0" bev="0" fileid="3" />
            </Method>
            <Method visited="false" cyclomaticComplexity="1" nPathComplexity="0" sequenceCoverage="0" branchCoverage="0" crapScore="2" isConstructor="false" isStatic="false" isGetter="false" isSetter="false">
              <Summary numSequencePoints="1" visitedSequencePoints="0" numBranchPoints="1" visitedBranchPoints="0" sequenceCoverage="0" branchCoverage="0" maxCyclomaticComplexity="1" minCyclomaticComplexity="1" maxCrapScore="2" minCrapScore="2" visitedClasses="0" numClasses="0" visitedMethods="0" numMethods="1" />
              <MetadataToken>100663334</MetadataToken>
              <Name>System.Boolean MVCATM.Tests.Controllers.TransactionControllerTest/&lt;&gt;c__DisplayClass15_0::&lt;Create_Deposit_Valid_Result_TransactionStatus&gt;b__1(MVCATM.Models.TransactionStatus)</Name>
              <FileRef uid="3" />
              <SequencePoints>
                <SequencePoint vc="0" uspid="212" ordinal="0" offset="0" sl="240" sc="28" el="240" ec="60" bec="0" bev="0" fileid="3" />
              </SequencePoints>
              <BranchPoints />
              <MethodPoint xsi:type="SequencePoint" vc="0" uspid="212" ordinal="0" offset="0" sl="240" sc="28" el="240" ec="60" bec="0" bev="0" fileid="3" />
            </Method>
          </Methods>
        </Class>
        <Class>
          <Summary numSequencePoints="3" visitedSequencePoints="0" numBranchPoints="3" visitedBranchPoints="0" sequenceCoverage="0" branchCoverage="0" maxCyclomaticComplexity="1" minCyclomaticComplexity="1" maxCrapScore="2" minCrapScore="2" visitedClasses="0" numClasses="1" visitedMethods="0" numMethods="3" />
          <FullName>MVCATM.Tests.Controllers.TransactionControllerTest/&lt;&gt;c__DisplayClass16_0</FullName>
          <Methods>
            <Method visited="false" cyclomaticComplexity="1" nPathComplexity="0" sequenceCoverage="0" branchCoverage="0" crapScore="2" isConstructor="true" isStatic="false" isGetter="false" isSetter="false">
              <Summary numSequencePoints="0" visitedSequencePoints="0" numBranchPoints="0" visitedBranchPoints="0" sequenceCoverage="0" branchCoverage="0" maxCyclomaticComplexity="1" minCyclomaticComplexity="1" maxCrapScore="2" minCrapScore="2" visitedClasses="0" numClasses="0" visitedMethods="0" numMethods="0" />
              <MetadataToken>100663335</MetadataToken>
              <Name>System.Void MVCATM.Tests.Controllers.TransactionControllerTest/&lt;&gt;c__DisplayClass16_0::.ctor()</Name>
              <SequencePoints />
              <BranchPoints />
              <MethodPoint vc="0" uspid="213" ordinal="0" offset="0" />
            </Method>
            <Method visited="false" cyclomaticComplexity="1" nPathComplexity="0" sequenceCoverage="0" branchCoverage="0" crapScore="2" isConstructor="false" isStatic="false" isGetter="false" isSetter="false">
              <Summary numSequencePoints="1" visitedSequencePoints="0" numBranchPoints="1" visitedBranchPoints="0" sequenceCoverage="0" branchCoverage="0" maxCyclomaticComplexity="1" minCyclomaticComplexity="1" maxCrapScore="2" minCrapScore="2" visitedClasses="0" numClasses="0" visitedMethods="0" numMethods="1" />
              <MetadataToken>100663336</MetadataToken>
              <Name>System.Boolean MVCATM.Tests.Controllers.TransactionControllerTest/&lt;&gt;c__DisplayClass16_0::&lt;Create_Withdrawal_Valid_Result_TransactionStatus&gt;b__0(MVCATM.Models.Transaction)</Name>
              <FileRef uid="3" />
              <SequencePoints>
                <SequencePoint vc="0" uspid="214" ordinal="0" offset="0" sl="267" sc="29" el="267" ec="90" bec="0" bev="0" fileid="3" />
              </SequencePoints>
              <BranchPoints />
              <MethodPoint xsi:type="SequencePoint" vc="0" uspid="214" ordinal="0" offset="0" sl="267" sc="29" el="267" ec="90" bec="0" bev="0" fileid="3" />
            </Method>
            <Method visited="false" cyclomaticComplexity="1" nPathComplexity="0" sequenceCoverage="0" branchCoverage="0" crapScore="2" isConstructor="false" isStatic="false" isGetter="false" isSetter="false">
              <Summary numSequencePoints="1" visitedSequencePoints="0" numBranchPoints="1" visitedBranchPoints="0" sequenceCoverage="0" branchCoverage="0" maxCyclomaticComplexity="1" minCyclomaticComplexity="1" maxCrapScore="2" minCrapScore="2" visitedClasses="0" numClasses="0" visitedMethods="0" numMethods="1" />
              <MetadataToken>100663337</MetadataToken>
              <Name>System.Boolean MVCATM.Tests.Controllers.TransactionControllerTest/&lt;&gt;c__DisplayClass16_0::&lt;Create_Withdrawal_Valid_Result_TransactionStatus&gt;b__1(MVCATM.Models.TransactionStatus)</Name>
              <FileRef uid="3" />
              <SequencePoints>
                <SequencePoint vc="0" uspid="215" ordinal="0" offset="0" sl="269" sc="28" el="269" ec="60" bec="0" bev="0" fileid="3" />
              </SequencePoints>
              <BranchPoints />
              <MethodPoint xsi:type="SequencePoint" vc="0" uspid="215" ordinal="0" offset="0" sl="269" sc="28" el="269" ec="60" bec="0" bev="0" fileid="3" />
            </Method>
            <Method visited="false" cyclomaticComplexity="1" nPathComplexity="0" sequenceCoverage="0" branchCoverage="0" crapScore="2" isConstructor="false" isStatic="false" isGetter="false" isSetter="false">
              <Summary numSequencePoints="1" visitedSequencePoints="0" numBranchPoints="1" visitedBranchPoints="0" sequenceCoverage="0" branchCoverage="0" maxCyclomaticComplexity="1" minCyclomaticComplexity="1" maxCrapScore="2" minCrapScore="2" visitedClasses="0" numClasses="0" visitedMethods="0" numMethods="1" />
              <MetadataToken>100663338</MetadataToken>
              <Name>System.Boolean MVCATM.Tests.Controllers.TransactionControllerTest/&lt;&gt;c__DisplayClass16_0::&lt;Create_Withdrawal_Valid_Result_TransactionStatus&gt;b__2(MVCATM.Models.CheckingAccount)</Name>
              <FileRef uid="3" />
              <SequencePoints>
                <SequencePoint vc="0" uspid="216" ordinal="0" offset="0" sl="272" sc="75" el="272" ec="111" bec="0" bev="0" fileid="3" />
              </SequencePoints>
              <BranchPoints />
              <MethodPoint xsi:type="SequencePoint" vc="0" uspid="216" ordinal="0" offset="0" sl="272" sc="75" el="272" ec="111" bec="0" bev="0" fileid="3" />
            </Method>
          </Methods>
        </Class>
        <Class>
          <Summary numSequencePoints="1" visitedSequencePoints="0" numBranchPoints="1" visitedBranchPoints="0" sequenceCoverage="0" branchCoverage="0" maxCyclomaticComplexity="1" minCyclomaticComplexity="1" maxCrapScore="2" minCrapScore="2" visitedClasses="0" numClasses="1" visitedMethods="0" numMethods="1" />
          <FullName>MVCATM.Tests.Controllers.TransactionControllerTest/&lt;&gt;c__DisplayClass18_0</FullName>
          <Methods>
            <Method visited="false" cyclomaticComplexity="1" nPathComplexity="0" sequenceCoverage="0" branchCoverage="0" crapScore="2" isConstructor="true" isStatic="false" isGetter="false" isSetter="false">
              <Summary numSequencePoints="0" visitedSequencePoints="0" numBranchPoints="0" visitedBranchPoints="0" sequenceCoverage="0" branchCoverage="0" maxCyclomaticComplexity="1" minCyclomaticComplexity="1" maxCrapScore="2" minCrapScore="2" visitedClasses="0" numClasses="0" visitedMethods="0" numMethods="0" />
              <MetadataToken>100663339</MetadataToken>
              <Name>System.Void MVCATM.Tests.Controllers.TransactionControllerTest/&lt;&gt;c__DisplayClass18_0::.ctor()</Name>
              <SequencePoints />
              <BranchPoints />
              <MethodPoint vc="0" uspid="217" ordinal="0" offset="0" />
            </Method>
            <Method visited="false" cyclomaticComplexity="1" nPathComplexity="0" sequenceCoverage="0" branchCoverage="0" crapScore="2" isConstructor="false" isStatic="false" isGetter="false" isSetter="false">
              <Summary numSequencePoints="1" visitedSequencePoints="0" numBranchPoints="1" visitedBranchPoints="0" sequenceCoverage="0" branchCoverage="0" maxCyclomaticComplexity="1" minCyclomaticComplexity="1" maxCrapScore="2" minCrapScore="2" visitedClasses="0" numClasses="0" visitedMethods="0" numMethods="1" />
              <MetadataToken>100663340</MetadataToken>
              <Name>System.Boolean MVCATM.Tests.Controllers.TransactionControllerTest/&lt;&gt;c__DisplayClass18_0::&lt;Create_QuickCash_Valid_Redirect_TransactionStatus&gt;b__1(MVCATM.Models.TransactionStatus)</Name>
              <FileRef uid="3" />
              <SequencePoints>
                <SequencePoint vc="0" uspid="218" ordinal="0" offset="0" sl="313" sc="32" el="313" ec="65" bec="0" bev="0" fileid="3" />
              </SequencePoints>
              <BranchPoints />
              <MethodPoint xsi:type="SequencePoint" vc="0" uspid="218" ordinal="0" offset="0" sl="313" sc="32" el="313" ec="65" bec="0" bev="0" fileid="3" />
            </Method>
          </Methods>
        </Class>
        <Class>
          <Summary numSequencePoints="10" visitedSequencePoints="0" numBranchPoints="2" visitedBranchPoints="0" sequenceCoverage="0" branchCoverage="0" maxCyclomaticComplexity="3" minCyclomaticComplexity="1" maxCrapScore="12" minCrapScore="2" visitedClasses="0" numClasses="1" visitedMethods="0" numMethods="2" />
          <FullName>MVCATM.Tests.Controllers.HomeControllerTest</FullName>
          <Methods>
            <Method visited="false" cyclomaticComplexity="3" nPathComplexity="0" sequenceCoverage="0" branchCoverage="0" crapScore="12" isConstructor="false" isStatic="false" isGetter="false" isSetter="false">
              <Summary numSequencePoints="5" visitedSequencePoints="0" numBranchPoints="1" visitedBranchPoints="0" sequenceCoverage="0" branchCoverage="0" maxCyclomaticComplexity="3" minCyclomaticComplexity="3" maxCrapScore="12" minCrapScore="12" visitedClasses="0" numClasses="0" visitedMethods="0" numMethods="1" />
              <MetadataToken>100663317</MetadataToken>
              <Name>System.Void MVCATM.Tests.Controllers.HomeControllerTest::About()</Name>
              <FileRef uid="10" />
              <SequencePoints>
                <SequencePoint vc="0" uspid="219" ordinal="0" offset="0" sl="19" sc="9" el="19" ec="10" bec="0" bev="0" fileid="10" />
                <SequencePoint vc="0" uspid="220" ordinal="1" offset="1" sl="21" sc="13" el="21" ec="62" bec="0" bev="0" fileid="10" />
                <SequencePoint vc="0" uspid="221" ordinal="2" offset="7" sl="24" sc="13" el="24" ec="66" bec="0" bev="0" fileid="10" />
                <SequencePoint vc="0" uspid="222" ordinal="3" offset="19" sl="27" sc="13" el="27" ec="91" bec="0" bev="0" fileid="10" />
[...]
              <MetadataToken>100663671</MetadataToken>
              <Name>System.Web.Mvc.ActionResult MVCATM.Controllers.TransactionController::Edit(System.Int32,System.Web.Mvc.FormCollection)</Name>
              <FileRef uid="92" />
              <SequencePoints>
                <SequencePoint vc="0" uspid="1725" ordinal="0" offset="0" sl="271" sc="9" el="271" ec="10" bec="0" bev="0" fileid="92" />
                <SequencePoint vc="0" uspid="1726" ordinal="1" offset="1" sl="273" sc="13" el="273" ec="14" bec="0" bev="0" fileid="92" />
                <SequencePoint vc="0" uspid="1727" ordinal="2" offset="2" sl="276" sc="17" el="276" ec="50" bec="0" bev="0" fileid="92" />
                <SequencePoint vc="0" uspid="1728" ordinal="3" offset="16" sl="278" sc="13" el="278" ec="18" bec="0" bev="0" fileid="92" />
                <SequencePoint vc="0" uspid="1729" ordinal="4" offset="17" sl="279" sc="13" el="279" ec="14" bec="0" bev="0" fileid="92" />
                <SequencePoint vc="0" uspid="1730" ordinal="5" offset="18" sl="280" sc="17" el="280" ec="31" bec="0" bev="0" fileid="92" />
                <SequencePoint vc="0" uspid="1731" ordinal="6" offset="27" sl="282" sc="9" el="282" ec="10" bec="0" bev="0" fileid="92" />
              </SequencePoints>
              <BranchPoints />
              <MethodPoint xsi:type="SequencePoint" vc="0" uspid="1725" ordinal="0" offset="0" sl="271" sc="9" el="271" ec="10" bec="0" bev="0" fileid="92" />
            </Method>
            <Method visited="false" cyclomaticComplexity="1" nPathComplexity="0" sequenceCoverage="0" branchCoverage="0" crapScore="2" isConstructor="false" isStatic="false" isGetter="false" isSetter="false">
              <Summary numSequencePoints="3" visitedSequencePoints="0" numBranchPoints="1" visitedBranchPoints="0" sequenceCoverage="0" branchCoverage="0" maxCyclomaticComplexity="1" minCyclomaticComplexity="1" maxCrapScore="2" minCrapScore="2" visitedClasses="0" numClasses="0" visitedMethods="0" numMethods="1" />
              <MetadataToken>100663672</MetadataToken>
              <Name>System.Web.Mvc.ActionResult MVCATM.Controllers.TransactionController::Delete(System.Int32)</Name>
              <FileRef uid="92" />
              <SequencePoints>
                <SequencePoint vc="0" uspid="1732" ordinal="0" offset="0" sl="286" sc="9" el="286" ec="10" bec="0" bev="0" fileid="92" />
                <SequencePoint vc="0" uspid="1733" ordinal="1" offset="1" sl="287" sc="13" el="287" ec="27" bec="0" bev="0" fileid="92" />
                <SequencePoint vc="0" uspid="1734" ordinal="2" offset="10" sl="288" sc="9" el="288" ec="10" bec="0" bev="0" fileid="92" />
              </SequencePoints>
              <BranchPoints />
              <MethodPoint xsi:type="SequencePoint" vc="0" uspid="1732" ordinal="0" offset="0" sl="286" sc="9" el="286" ec="10" bec="0" bev="0" fileid="92" />
            </Method>
            <Method visited="false" cyclomaticComplexity="1" nPathComplexity="0" sequenceCoverage="0" branchCoverage="0" crapScore="2" isConstructor="false" isStatic="false" isGetter="false" isSetter="false">
              <Summary numSequencePoints="7" visitedSequencePoints="0" numBranchPoints="1" visitedBranchPoints="0" sequenceCoverage="0" branchCoverage="0" maxCyclomaticComplexity="1" minCyclomaticComplexity="1" maxCrapScore="2" minCrapScore="2" visitedClasses="0" numClasses="0" visitedMethods="0" numMethods="1" />
              <MetadataToken>100663673</MetadataToken>
              <Name>System.Web.Mvc.ActionResult MVCATM.Controllers.TransactionController::Delete(System.Int32,System.Web.Mvc.FormCollection)</Name>
              <FileRef uid="92" />
              <SequencePoints>
                <SequencePoint vc="0" uspid="1735" ordinal="0" offset="0" sl="293" sc="9" el="293" ec="10" bec="0" bev="0" fileid="92" />
                <SequencePoint vc="0" uspid="1736" ordinal="1" offset="1" sl="295" sc="13" el="295" ec="14" bec="0" bev="0" fileid="92" />
                <SequencePoint vc="0" uspid="1737" ordinal="2" offset="2" sl="298" sc="17" el="298" ec="50" bec="0" bev="0" fileid="92" />
                <SequencePoint vc="0" uspid="1738" ordinal="3" offset="16" sl="300" sc="13" el="300" ec="18" bec="0" bev="0" fileid="92" />
                <SequencePoint vc="0" uspid="1739" ordinal="4" offset="17" sl="301" sc="13" el="301" ec="14" bec="0" bev="0" fileid="92" />
                <SequencePoint vc="0" uspid="1740" ordinal="5" offset="18" sl="302" sc="17" el="302" ec="31" bec="0" bev="0" fileid="92" />
                <SequencePoint vc="0" uspid="1741" ordinal="6" offset="27" sl="304" sc="9" el="304" ec="10" bec="0" bev="0" fileid="92" />
              </SequencePoints>
              <BranchPoints />
              <MethodPoint xsi:type="SequencePoint" vc="0" uspid="1735" ordinal="0" offset="0" sl="293" sc="9" el="293" ec="10" bec="0" bev="0" fileid="92" />
            </Method>
          </Methods>
        </Class>
        <Class>
          <Summary numSequencePoints="38" visitedSequencePoints="0" numBranchPoints="9" visitedBranchPoints="0" sequenceCoverage="0" branchCoverage="0" maxCyclomaticComplexity="1" minCyclomaticComplexity="1" maxCrapScore="2" minCrapScore="2" visitedClasses="0" numClasses="1" visitedMethods="0" numMethods="9" />
          <FullName>MVCATM.Controllers.TransactionStatusController</FullName>
          <Methods>
            <Method visited="false" cyclomaticComplexity="1" nPathComplexity="0" sequenceCoverage="0" branchCoverage="0" crapScore="2" isConstructor="false" isStatic="false" isGetter="false" isSetter="false">
              <Summary numSequencePoints="3" visitedSequencePoints="0" numBranchPoints="1" visitedBranchPoints="0" sequenceCoverage="0" branchCoverage="0" maxCyclomaticComplexity="1" minCyclomaticComplexity="1" maxCrapScore="2" minCrapScore="2" visitedClasses="0" numClasses="0" visitedMethods="0" numMethods="1" />
              <MetadataToken>100663674</MetadataToken>
              <Name>System.Web.Mvc.ActionResult MVCATM.Controllers.TransactionStatusController::Index()</Name>
              <FileRef uid="93" />
              <SequencePoints>
                <SequencePoint vc="0" uspid="1742" ordinal="0" offset="0" sl="15" sc="9" el="15" ec="10" bec="0" bev="0" fileid="93" />
                <SequencePoint vc="0" uspid="1743" ordinal="1" offset="1" sl="16" sc="13" el="16" ec="27" bec="0" bev="0" fileid="93" />
                <SequencePoint vc="0" uspid="1744" ordinal="2" offset="10" sl="17" sc="9" el="17" ec="10" bec="0" bev="0" fileid="93" />
              </SequencePoints>
              <BranchPoints />
              <MethodPoint xsi:type="SequencePoint" vc="0" uspid="1742" ordinal="0" offset="0" sl="15" sc="9" el="15" ec="10" bec="0" bev="0" fileid="93" />
            </Method>
            <Method visited="false" cyclomaticComplexity="1" nPathComplexity="0" sequenceCoverage="0" branchCoverage="0" crapScore="2" isConstructor="false" isStatic="false" isGetter="false" isSetter="false">
              <Summary numSequencePoints="4" visitedSequencePoints="0" numBranchPoints="1" visitedBranchPoints="0" sequenceCoverage="0" branchCoverage="0" maxCyclomaticComplexity="1" minCyclomaticComplexity="1" maxCrapScore="2" minCrapScore="2" visitedClasses="0" numClasses="0" visitedMethods="0" numMethods="1" />
              <MetadataToken>100663675</MetadataToken>
              <Name>System.Web.Mvc.ActionResult MVCATM.Controllers.TransactionStatusController::Details(System.Int32)</Name>
              <FileRef uid="93" />
              <SequencePoints>
                <SequencePoint vc="0" uspid="1745" ordinal="0" offset="0" sl="21" sc="9" el="21" ec="10" bec="0" bev="0" fileid="93" />
                <SequencePoint vc="0" uspid="1746" ordinal="1" offset="1" sl="22" sc="13" el="22" ec="80" bec="0" bev="0" fileid="93" />
                <SequencePoint vc="0" uspid="1747" ordinal="2" offset="14" sl="23" sc="13" el="23" ec="44" bec="0" bev="0" fileid="93" />
                <SequencePoint vc="0" uspid="1748" ordinal="3" offset="24" sl="24" sc="9" el="24" ec="10" bec="0" bev="0" fileid="93" />
              </SequencePoints>
              <BranchPoints />
              <MethodPoint xsi:type="SequencePoint" vc="0" uspid="1745" ordinal="0" offset="0" sl="21" sc="9" el="21" ec="10" bec="0" bev="0" fileid="93" />
            </Method>
            <Method visited="false" cyclomaticComplexity="1" nPathComplexity="0" sequenceCoverage="0" branchCoverage="0" crapScore="2" isConstructor="false" isStatic="false" isGetter="false" isSetter="false">
              <Summary numSequencePoints="3" visitedSequencePoints="0" numBranchPoints="1" visitedBranchPoints="0" sequenceCoverage="0" branchCoverage="0" maxCyclomaticComplexity="1" minCyclomaticComplexity="1" maxCrapScore="2" minCrapScore="2" visitedClasses="0" numClasses="0" visitedMethods="0" numMethods="1" />
              <MetadataToken>100663676</MetadataToken>
              <Name>System.Web.Mvc.ActionResult MVCATM.Controllers.TransactionStatusController::Create()</Name>
              <FileRef uid="93" />
              <SequencePoints>
                <SequencePoint vc="0" uspid="1749" ordinal="0" offset="0" sl="28" sc="9" el="28" ec="10" bec="0" bev="0" fileid="93" />
                <SequencePoint vc="0" uspid="1750" ordinal="1" offset="1" sl="29" sc="13" el="29" ec="27" bec="0" bev="0" fileid="93" />
                <SequencePoint vc="0" uspid="1751" ordinal="2" offset="10" sl="30" sc="9" el="30" ec="10" bec="0" bev="0" fileid="93" />
              </SequencePoints>
              <BranchPoints />
              <MethodPoint xsi:type="SequencePoint" vc="0" uspid="1749" ordinal="0" offset="0" sl="28" sc="9" el="28" ec="10" bec="0" bev="0" fileid="93" />
            </Method>
            <Method visited="false" cyclomaticComplexity="1" nPathComplexity="0" sequenceCoverage="0" branchCoverage="0" crapScore="2" isConstructor="false" isStatic="false" isGetter="false" isSetter="false">
              <Summary numSequencePoints="7" visitedSequencePoints="0" numBranchPoints="1" visitedBranchPoints="0" sequenceCoverage="0" branchCoverage="0" maxCyclomaticComplexity="1" minCyclomaticComplexity="1" maxCrapScore="2" minCrapScore="2" visitedClasses="0" numClasses="0" visitedMethods="0" numMethods="1" />
              <MetadataToken>100663677</MetadataToken>
              <Name>System.Web.Mvc.ActionResult MVCATM.Controllers.TransactionStatusController::Create(System.Web.Mvc.FormCollection)</Name>
              <FileRef uid="93" />
              <SequencePoints>
                <SequencePoint vc="0" uspid="1752" ordinal="0" offset="0" sl="35" sc="9" el="35" ec="10" bec="0" bev="0" fileid="93" />
                <SequencePoint vc="0" uspid="1753" ordinal="1" offset="1" sl="37" sc="13" el="37" ec="14" bec="0" bev="0" fileid="93" />
                <SequencePoint vc="0" uspid="1754" ordinal="2" offset="2" sl="40" sc="17" el="40" ec="50" bec="0" bev="0" fileid="93" />
                <SequencePoint vc="0" uspid="1755" ordinal="3" offset="16" sl="42" sc="13" el="42" ec="18" bec="0" bev="0" fileid="93" />
                <SequencePoint vc="0" uspid="1756" ordinal="4" offset="17" sl="43" sc="13" el="43" ec="14" bec="0" bev="0" fileid="93" />
                <SequencePoint vc="0" uspid="1757" ordinal="5" offset="18" sl="44" sc="17" el="44" ec="31" bec="0" bev="0" fileid="93" />
                <SequencePoint vc="0" uspid="1758" ordinal="6" offset="27" sl="46" sc="9" el="46" ec="10" bec="0" bev="0" fileid="93" />
              </SequencePoints>
              <BranchPoints />
              <MethodPoint xsi:type="SequencePoint" vc="0" uspid="1752" ordinal="0" offset="0" sl="35" sc="9" el="35" ec="10" bec="0" bev="0" fileid="93" />
            </Method>
            <Method visited="false" cyclomaticComplexity="1" nPathComplexity="0" sequenceCoverage="0" branchCoverage="0" crapScore="2" isConstructor="false" isStatic="false" isGetter="false" isSetter="false">
              <Summary numSequencePoints="3" visitedSequencePoints="0" numBranchPoints="1" visitedBranchPoints="0" sequenceCoverage="0" branchCoverage="0" maxCyclomaticComplexity="1" minCyclomaticComplexity="1" maxCrapScore="2" minCrapScore="2" visitedClasses="0" numClasses="0" visitedMethods="0" numMethods="1" />
              <MetadataToken>100663678</MetadataToken>
              <Name>System.Web.Mvc.ActionResult MVCATM.Controllers.TransactionStatusController::Edit(System.Int32)</Name>
              <FileRef uid="93" />
              <SequencePoints>
                <SequencePoint vc="0" uspid="1759" ordinal="0" offset="0" sl="50" sc="9" el="50" ec="10" bec="0" bev="0" fileid="93" />
                <SequencePoint vc="0" uspid="1760" ordinal="1" offset="1" sl="51" sc="13" el="51" ec="27" bec="0" bev="0" fileid="93" />
                <SequencePoint vc="0" uspid="1761" ordinal="2" offset="10" sl="52" sc="9" el="52" ec="10" bec="0" bev="0" fileid="93" />
              </SequencePoints>
              <BranchPoints />
              <MethodPoint xsi:type="SequencePoint" vc="0" uspid="1759" ordinal="0" offset="0" sl="50" sc="9" el="50" ec="10" bec="0" bev="0" fileid="93" />
            </Method>
            <Method visited="false" cyclomaticComplexity="1" nPathComplexity="0" sequenceCoverage="0" branchCoverage="0" crapScore="2" isConstructor="false" isStatic="false" isGetter="false" isSetter="false">
              <Summary numSequencePoints="7" visitedSequencePoints="0" numBranchPoints="1" visitedBranchPoints="0" sequenceCoverage="0" branchCoverage="0" maxCyclomaticComplexity="1" minCyclomaticComplexity="1" maxCrapScore="2" minCrapScore="2" visitedClasses="0" numClasses="0" visitedMethods="0" numMethods="1" />
              <MetadataToken>100663679</MetadataToken>
              <Name>System.Web.Mvc.ActionResult MVCATM.Controllers.TransactionStatusController::Edit(System.Int32,System.Web.Mvc.FormCollection)</Name>
              <FileRef uid="93" />
              <SequencePoints>
                <SequencePoint vc="0" uspid="1762" ordinal="0" offset="0" sl="57" sc="9" el="57" ec="10" bec="0" bev="0" fileid="93" />
                <SequencePoint vc="0" uspid="1763" ordinal="1" offset="1" sl="59" sc="13" el="59" ec="14" bec="0" bev="0" fileid="93" />
                <SequencePoint vc="0" uspid="1764" ordinal="2" offset="2" sl="62" sc="17" el="62" ec="50" bec="0" bev="0" fileid="93" />
                <SequencePoint vc="0" uspid="1765" ordinal="3" offset="16" sl="64" sc="13" el="64" ec="18" bec="0" bev="0" fileid="93" />
                <SequencePoint vc="0" uspid="1766" ordinal="4" offset="17" sl="65" sc="13" el="65" ec="14" bec="0" bev="0" fileid="93" />
                <SequencePoint vc="0" uspid="1767" ordinal="5" offset="18" sl="66" sc="17" el="66" ec="31" bec="0" bev="0" fileid="93" />
                <SequencePoint vc="0" uspid="1768" ordinal="6" offset="27" sl="68" sc="9" el="68" ec="10" bec="0" bev="0" fileid="93" />
              </SequencePoints>
              <BranchPoints />
              <MethodPoint xsi:type="SequencePoint" vc="0" uspid="1762" ordinal="0" offset="0" sl="57" sc="9" el="57" ec="10" bec="0" bev="0" fileid="93" />
            </Method>
            <Method visited="false" cyclomaticComplexity="1" nPathComplexity="0" sequenceCoverage="0" branchCoverage="0" crapScore="2" isConstructor="false" isStatic="false" isGetter="false" isSetter="false">
              <Summary numSequencePoints="3" visitedSequencePoints="0" numBranchPoints="1" visitedBranchPoints="0" sequenceCoverage="0" branchCoverage="0" maxCyclomaticComplexity="1" minCyclomaticComplexity="1" maxCrapScore="2" minCrapScore="2" visitedClasses="0" numClasses="0" visitedMethods="0" numMethods="1" />
              <MetadataToken>100663680</MetadataToken>
              <Name>System.Web.Mvc.ActionResult MVCATM.Controllers.TransactionStatusController::Delete(System.Int32)</Name>
              <FileRef uid="93" />
              <SequencePoints>
                <SequencePoint vc="0" uspid="1769" ordinal="0" offset="0" sl="72" sc="9" el="72" ec="10" bec="0" bev="0" fileid="93" />
                <SequencePoint vc="0" uspid="1770" ordinal="1" offset="1" sl="73" sc="13" el="73" ec="27" bec="0" bev="0" fileid="93" />
                <SequencePoint vc="0" uspid="1771" ordinal="2" offset="10" sl="74" sc="9" el="74" ec="10" bec="0" bev="0" fileid="93" />
              </SequencePoints>
              <BranchPoints />
              <MethodPoint xsi:type="SequencePoint" vc="0" uspid="1769" ordinal="0" offset="0" sl="72" sc="9" el="72" ec="10" bec="0" bev="0" fileid="93" />
            </Method>
            <Method visited="false" cyclomaticComplexity="1" nPathComplexity="0" sequenceCoverage="0" branchCoverage="0" crapScore="2" isConstructor="false" isStatic="false" isGetter="false" isSetter="false">
              <Summary numSequencePoints="7" visitedSequencePoints="0" numBranchPoints="1" visitedBranchPoints="0" sequenceCoverage="0" branchCoverage="0" maxCyclomaticComplexity="1" minCyclomaticComplexity="1" maxCrapScore="2" minCrapScore="2" visitedClasses="0" numClasses="0" visitedMethods="0" numMethods="1" />
              <MetadataToken>100663681</MetadataToken>
              <Name>System.Web.Mvc.ActionResult MVCATM.Controllers.TransactionStatusController::Delete(System.Int32,System.Web.Mvc.FormCollection)</Name>
              <FileRef uid="93" />
              <SequencePoints>
                <SequencePoint vc="0" uspid="1772" ordinal="0" offset="0" sl="79" sc="9" el="79" ec="10" bec="0" bev="0" fileid="93" />
                <SequencePoint vc="0" uspid="1773" ordinal="1" offset="1" sl="81" sc="13" el="81" ec="14" bec="0" bev="0" fileid="93" />
                <SequencePoint vc="0" uspid="1774" ordinal="2" offset="2" sl="84" sc="17" el="84" ec="50" bec="0" bev="0" fileid="93" />
                <SequencePoint vc="0" uspid="1775" ordinal="3" offset="16" sl="86" sc="13" el="86" ec="18" bec="0" bev="0" fileid="93" />
                <SequencePoint vc="0" uspid="1776" ordinal="4" offset="17" sl="87" sc="13" el="87" ec="14" bec="0" bev="0" fileid="93" />
                <SequencePoint vc="0" uspid="1777" ordinal="5" offset="18" sl="88" sc="17" el="88" ec="31" bec="0" bev="0" fileid="93" />
                <SequencePoint vc="0" uspid="1778" ordinal="6" offset="27" sl="90" sc="9" el="90" ec="10" bec="0" bev="0" fileid="93" />
              </SequencePoints>
              <BranchPoints />
              <MethodPoint xsi:type="SequencePoint" vc="0" uspid="1772" ordinal="0" offset="0" sl="79" sc="9" el="79" ec="10" bec="0" bev="0" fileid="93" />
            </Method>
            <Method visited="false" cyclomaticComplexity="1" nPathComplexity="0" sequenceCoverage="0" branchCoverage="0" crapScore="2" isConstructor="true" isStatic="false" isGetter="false" isSetter="false">
              <Summary numSequencePoints="1" visitedSequencePoints="0" numBranchPoints="1" visitedBranchPoints="0" sequenceCoverage="0" branchCoverage="0" maxCyclomaticComplexity="1" minCyclomaticComplexity="1" maxCrapScore="2" minCrapScore="2" visitedClasses="0" numClasses="0" visitedMethods="0" numMethods="1" />
              <MetadataToken>100663682</MetadataToken>
              <Name>System.Void MVCATM.Controllers.TransactionStatusController::.ctor()</Name>
              <FileRef uid="93" />
              <SequencePoints>
                <SequencePoint vc="0" uspid="1779" ordinal="0" offset="0" sl="12" sc="9" el="12" ec="58" bec="0" bev="0" fileid="93" />
              </SequencePoints>
              <BranchPoints />
              <MethodPoint xsi:type="SequencePoint" vc="0" uspid="1779" ordinal="0" offset="0" sl="12" sc="9" el="12" ec="58" bec="0" bev="0" fileid="93" />
            </Method>
          </Methods>
        </Class>
      </Classes>
      <TrackedMethods />
    </Module>
  </Modules>
</CoverageSession>